
2023-02-21 20:54:14,333 - __main__ - INFO - Token value: dt1234
2023-02-21 20:54:14,788 - __main__ - INFO - Weather in Oxford: 6.52
2023-02-22 08:14:46,594 - __main__ - INFO - Token value: dt1234
2023-02-22 08:14:46,808 - __main__ - INFO - Weather in Oxford: 5.95
2023-02-22 12:21:58,908 - __main__ - INFO - Token value: dt1234
2023-02-22 12:21:59,752 - __main__ - INFO - Weather in Oxford: 8.21
2023-02-22 16:15:07,650 - __main__ - INFO - Token value: dt1234
2023-02-22 16:15:08,179 - __main__ - INFO - Weather in Oxford: 8.89
2023-02-22 20:51:23,521 - __main__ - INFO - end point : https://wytham.tk/api/webhook/webhook-test-ETDK-wfnUPlUbcVf2rM28yvz
2023-02-22 20:51:24,232 - __main__ - INFO - Weather in Oxford: 4.23
2023-02-24 20:31:10,245 - __main__ - INFO - Endpoint not defined
2023-02-24 20:31:10,443 - __main__ - INFO - Weather in Oxford: 5.07
2023-02-25 10:16:44,783 - __main__ - INFO - Endpoint not defined
2023-02-25 10:16:45,131 - __main__ - INFO - Weather in Oxford: 5.0
2023-02-26 10:17:03,377 - __main__ - INFO - Endpoint not defined
2023-02-26 10:17:04,261 - __main__ - INFO - Weather in Oxford: 5.58
2023-02-27 10:19:11,027 - __main__ - INFO - Endpoint not defined
2023-02-27 10:19:11,720 - __main__ - INFO - Weather in Oxford: 4.59
2023-02-28 10:19:02,405 - __main__ - INFO - Endpoint not defined
2023-02-28 10:19:03,078 - __main__ - INFO - Weather in Oxford: 5.14
2023-03-01 10:19:05,851 - __main__ - INFO - Endpoint not defined
2023-03-01 10:19:06,601 - __main__ - INFO - Weather in Oxford: 5.35
2023-03-02 10:18:45,824 - __main__ - INFO - Endpoint not defined
2023-03-02 10:18:46,564 - __main__ - INFO - Weather in Oxford: 4.86
2023-03-03 10:18:22,480 - __main__ - INFO - Endpoint not defined
2023-03-03 10:18:23,322 - __main__ - INFO - Weather in Oxford: 4.57
2023-03-04 10:16:51,089 - __main__ - INFO - Endpoint not defined
2023-03-04 10:16:51,276 - __main__ - INFO - Weather in Oxford: 4.66
2023-03-05 10:16:50,133 - __main__ - INFO - Endpoint not defined
2023-03-05 10:16:50,711 - __main__ - INFO - Weather in Oxford: 3.17
2023-03-06 10:19:01,337 - __main__ - INFO - Endpoint not defined
2023-03-06 10:19:02,237 - __main__ - INFO - Weather in Oxford: 6.79
2023-03-07 10:19:10,948 - __main__ - INFO - Endpoint not defined
2023-03-07 10:19:11,843 - __main__ - INFO - Weather in Oxford: 2.9
2023-03-08 10:19:08,696 - __main__ - INFO - Endpoint not defined
2023-03-08 10:19:08,907 - __main__ - INFO - Weather in Oxford: 1.3
2023-03-09 10:19:00,140 - __main__ - INFO - Endpoint not defined
2023-03-09 10:19:00,557 - __main__ - INFO - Weather in Oxford: 2.91
2023-03-10 10:19:13,061 - __main__ - INFO - Endpoint not defined
2023-03-10 10:19:13,891 - __main__ - INFO - Weather in Oxford: 2.0
2023-03-11 10:15:57,406 - __main__ - INFO - Endpoint not defined
2023-03-11 10:15:57,982 - __main__ - INFO - Weather in Oxford: 4.02
2023-03-12 10:16:10,441 - __main__ - INFO - Endpoint not defined
2023-03-12 10:16:11,440 - __main__ - INFO - Weather in Oxford: 10.58
2023-03-13 10:18:19,561 - __main__ - INFO - Endpoint not defined
2023-03-13 10:18:20,175 - __main__ - INFO - Weather in Oxford: 12.29
2023-03-14 10:20:48,684 - __main__ - INFO - Endpoint not defined
2023-03-14 10:20:49,353 - __main__ - INFO - Weather in Oxford: 4.8
2023-03-15 10:18:07,888 - __main__ - INFO - Endpoint not defined
2023-03-15 10:18:08,864 - __main__ - INFO - Weather in Oxford: 4.7
2023-03-16 10:18:05,461 - __main__ - INFO - Endpoint not defined
2023-03-16 10:18:05,684 - __main__ - INFO - Weather in Oxford: 10.16
2023-03-17 10:17:56,231 - __main__ - INFO - Endpoint not defined
2023-03-17 10:17:57,204 - __main__ - INFO - Weather in Oxford: 11.23
2023-03-18 10:15:52,278 - __main__ - INFO - Endpoint not defined
2023-03-18 10:15:53,077 - __main__ - INFO - Weather in Oxford: 10.61
2023-03-19 10:16:26,933 - __main__ - INFO - Endpoint not defined
2023-03-19 10:16:27,453 - __main__ - INFO - Weather in Oxford: 8.16
2023-03-20 10:18:22,008 - __main__ - INFO - Endpoint not defined
2023-03-20 10:18:22,987 - __main__ - INFO - Weather in Oxford: 11.23
2023-03-21 10:16:47,318 - __main__ - INFO - Endpoint not defined
2023-03-21 10:16:47,935 - __main__ - INFO - Weather in Oxford: 11.69
2023-03-22 10:16:36,276 - __main__ - INFO - Endpoint not defined
2023-03-22 10:16:37,376 - __main__ - INFO - Weather in Oxford: 11.9
2023-03-23 10:17:14,575 - __main__ - INFO - Endpoint not defined
2023-03-23 10:17:15,382 - __main__ - INFO - Weather in Oxford: 12.34
2023-03-24 10:16:34,611 - __main__ - INFO - Endpoint not defined
2023-03-24 10:16:35,339 - __main__ - INFO - Weather in Oxford: 11.67
2023-03-25 10:15:11,412 - __main__ - INFO - Endpoint not defined
2023-03-25 10:15:11,619 - __main__ - INFO - Weather in Oxford: 11.54
2023-03-26 10:14:58,622 - __main__ - INFO - Endpoint not defined
2023-03-26 10:14:59,109 - __main__ - INFO - Weather in Oxford: 7.69
2023-03-27 10:17:49,362 - __main__ - INFO - Endpoint not defined
2023-03-27 10:17:49,876 - __main__ - INFO - Weather in Oxford: 8.37
2023-03-28 10:17:49,306 - __main__ - INFO - Endpoint not defined
2023-03-28 10:17:50,070 - __main__ - INFO - Weather in Oxford: 7.8
2023-03-29 10:17:26,543 - __main__ - INFO - Endpoint not defined
2023-03-29 10:17:27,303 - __main__ - INFO - Weather in Oxford: 11.21
2023-03-30 10:16:54,915 - __main__ - INFO - Endpoint not defined
2023-03-30 10:16:55,683 - __main__ - INFO - Weather in Oxford: 13.47
2023-03-31 10:16:59,308 - __main__ - INFO - Endpoint not defined
2023-03-31 10:17:00,328 - __main__ - INFO - Weather in Oxford: 11.48
2023-04-01 10:14:29,175 - __main__ - INFO - Endpoint not defined
2023-04-01 10:14:29,553 - __main__ - INFO - Weather in Oxford: 8.12
2023-04-02 10:14:31,416 - __main__ - INFO - Endpoint not defined
2023-04-02 10:14:31,699 - __main__ - INFO - Weather in Oxford: 6.97
2023-04-03 10:16:20,707 - __main__ - INFO - Endpoint not defined
2023-04-03 10:16:21,961 - __main__ - INFO - Weather in Oxford: 8.18
2023-04-04 10:15:51,774 - __main__ - INFO - Endpoint not defined
2023-04-04 10:15:52,448 - __main__ - INFO - Weather in Oxford: 9.42
2023-04-05 10:18:31,482 - __main__ - INFO - Endpoint not defined
2023-04-05 10:18:32,020 - __main__ - INFO - Weather in Oxford: 9.52
2023-04-06 10:15:31,744 - __main__ - INFO - Endpoint not defined
2023-04-06 10:15:32,672 - __main__ - INFO - Weather in Oxford: 11.71
2023-04-07 10:15:26,051 - __main__ - INFO - Endpoint not defined
2023-04-07 10:15:26,767 - __main__ - INFO - Weather in Oxford: 10.8
2023-04-08 10:14:25,121 - __main__ - INFO - Endpoint not defined
2023-04-08 10:14:25,285 - __main__ - INFO - Weather in Oxford: 11.87
2023-04-09 10:14:11,459 - __main__ - INFO - Endpoint not defined
2023-04-09 10:14:12,107 - __main__ - INFO - Weather in Oxford: 10.15
2023-04-10 10:15:52,430 - __main__ - INFO - Endpoint not defined
2023-04-10 10:15:52,956 - __main__ - INFO - Weather in Oxford: 10.96
2023-04-11 10:16:12,999 - __main__ - INFO - Endpoint not defined
2023-04-11 10:16:13,641 - __main__ - INFO - Weather in Oxford: 11.2
2023-04-12 10:16:11,103 - __main__ - INFO - Endpoint not defined
2023-04-13 10:15:57,583 - __main__ - INFO - Endpoint not defined
2023-04-13 10:15:58,434 - __main__ - INFO - Weather in Oxford: 10.65
2023-04-14 10:16:06,155 - __main__ - INFO - Endpoint not defined
2023-04-14 10:16:06,904 - __main__ - INFO - Weather in Oxford: 8.02
2023-04-15 10:14:38,555 - __main__ - INFO - Endpoint not defined
2023-04-15 10:14:39,260 - __main__ - INFO - Weather in Oxford: 9.0
2023-04-16 10:14:54,012 - __main__ - INFO - Endpoint not defined
2023-04-16 10:14:54,551 - __main__ - INFO - Weather in Oxford: 11.56
2023-04-17 10:16:38,124 - __main__ - INFO - Endpoint not defined
2023-04-17 10:16:38,645 - __main__ - INFO - Weather in Oxford: 12.78
2023-04-18 10:15:51,581 - __main__ - INFO - Endpoint not defined
2023-04-18 10:15:52,264 - __main__ - INFO - Weather in Oxford: 11.34
2023-04-19 10:16:24,860 - __main__ - INFO - Endpoint not defined
2023-04-19 10:16:25,102 - __main__ - INFO - Weather in Oxford: 11.18
2023-04-20 10:16:02,064 - __main__ - INFO - Endpoint not defined
2023-04-20 10:16:02,574 - __main__ - INFO - Weather in Oxford: 12.22
2023-04-21 10:15:43,964 - __main__ - INFO - Endpoint not defined
2023-04-21 10:15:44,718 - __main__ - INFO - Weather in Oxford: 7.07
2023-04-22 10:14:59,548 - __main__ - INFO - Endpoint not defined
2023-04-22 10:15:00,162 - __main__ - INFO - Weather in Oxford: 8.56
2023-04-23 10:14:51,105 - __main__ - INFO - Endpoint not defined
2023-04-23 10:14:51,287 - __main__ - INFO - Weather in Oxford: 11.82
2023-04-24 10:16:30,277 - __main__ - INFO - Endpoint not defined
2023-04-24 10:16:31,141 - __main__ - INFO - Weather in Oxford: 8.24
2023-04-25 10:16:35,658 - __main__ - INFO - Endpoint not defined
2023-04-25 10:16:36,079 - __main__ - INFO - Weather in Oxford: 8.51
2023-04-26 10:15:56,482 - __main__ - INFO - Endpoint not defined
2023-04-26 10:15:56,888 - __main__ - INFO - Weather in Oxford: 9.26
2023-04-27 10:16:38,805 - __main__ - INFO - Endpoint not defined
2023-04-27 10:16:39,397 - __main__ - INFO - Weather in Oxford: 10.85
2023-04-28 10:16:09,550 - __main__ - INFO - Endpoint not defined
2023-04-28 10:16:10,259 - __main__ - INFO - Weather in Oxford: 13.71
2023-04-29 10:14:34,126 - __main__ - INFO - Endpoint not defined
2023-04-29 10:14:34,767 - __main__ - INFO - Weather in Oxford: 15.03
2023-04-30 10:14:41,237 - __main__ - INFO - Endpoint not defined
2023-04-30 10:14:41,859 - __main__ - INFO - Weather in Oxford: 13.37
2023-05-01 10:16:29,825 - __main__ - INFO - Endpoint not defined
2023-05-01 10:16:30,724 - __main__ - INFO - Weather in Oxford: 14.53
2023-05-02 10:16:12,676 - __main__ - INFO - Endpoint not defined
2023-05-02 10:16:13,335 - __main__ - INFO - Weather in Oxford: 11.88
2023-05-03 10:15:35,900 - __main__ - INFO - Endpoint not defined
2023-05-03 10:15:36,650 - __main__ - INFO - Weather in Oxford: 13.11
2023-05-04 10:15:55,125 - __main__ - INFO - Endpoint not defined
2023-05-04 10:15:55,771 - __main__ - INFO - Weather in Oxford: 15.4
2023-05-05 10:16:13,651 - __main__ - INFO - Endpoint not defined
2023-05-05 10:16:15,001 - __main__ - INFO - Weather in Oxford: 14.98
2023-05-06 10:14:36,872 - __main__ - INFO - Endpoint not defined
2023-05-06 10:14:37,099 - __main__ - INFO - Weather in Oxford: 12.45
2023-05-07 10:14:48,385 - __main__ - INFO - Endpoint not defined
2023-05-07 10:14:48,901 - __main__ - INFO - Weather in Oxford: 15.08
2023-05-08 10:15:46,353 - __main__ - INFO - Endpoint not defined
2023-05-08 10:15:46,850 - __main__ - INFO - Weather in Oxford: 12.88
2023-05-09 10:16:09,293 - __main__ - INFO - Endpoint not defined
2023-05-09 10:16:09,473 - __main__ - INFO - Weather in Oxford: 14.88
2023-05-10 10:15:52,746 - __main__ - INFO - Endpoint not defined
2023-05-10 10:15:53,339 - __main__ - INFO - Weather in Oxford: 15.12
2023-05-11 10:15:39,140 - __main__ - INFO - Endpoint not defined
2023-05-11 10:15:39,354 - __main__ - INFO - Weather in Oxford: 15.21
2023-05-12 10:15:24,560 - __main__ - INFO - Endpoint not defined
2023-05-12 10:15:25,114 - __main__ - INFO - Weather in Oxford: 12.9
2023-05-13 10:14:38,225 - __main__ - INFO - Endpoint not defined
2023-05-13 10:14:38,925 - __main__ - INFO - Weather in Oxford: 9.59
2023-05-14 10:14:02,639 - __main__ - INFO - Endpoint not defined
2023-05-14 10:14:03,078 - __main__ - INFO - Weather in Oxford: 14.18
2023-05-15 10:16:08,571 - __main__ - INFO - Endpoint not defined
2023-05-15 10:16:09,272 - __main__ - INFO - Weather in Oxford: 12.8
2023-05-16 10:15:40,600 - __main__ - INFO - Endpoint not defined
2023-05-16 10:15:41,209 - __main__ - INFO - Weather in Oxford: 13.46
2023-05-17 10:15:37,383 - __main__ - INFO - Endpoint not defined
2023-05-17 10:15:38,253 - __main__ - INFO - Weather in Oxford: 14.79
2023-05-18 10:14:53,836 - __main__ - INFO - Endpoint not defined
2023-05-18 10:14:54,510 - __main__ - INFO - Weather in Oxford: 17.73
2023-05-19 10:15:22,450 - __main__ - INFO - Endpoint not defined
2023-05-19 10:15:23,205 - __main__ - INFO - Weather in Oxford: 16.28
2023-05-20 10:14:15,994 - __main__ - INFO - Endpoint not defined
2023-05-20 10:14:16,715 - __main__ - INFO - Weather in Oxford: 15.29
2023-05-21 10:14:11,956 - __main__ - INFO - Endpoint not defined
2023-05-21 10:14:12,903 - __main__ - INFO - Weather in Oxford: 16.62
2023-05-22 10:16:10,307 - __main__ - INFO - Endpoint not defined
2023-05-22 10:16:10,879 - __main__ - INFO - Weather in Oxford: 14.37
2023-05-23 10:15:42,200 - __main__ - INFO - Endpoint not defined
2023-05-23 10:15:42,520 - __main__ - INFO - Weather in Oxford: 14.75
2023-05-24 10:15:45,648 - __main__ - INFO - Endpoint not defined
2023-05-24 10:15:46,249 - __main__ - INFO - Weather in Oxford: 16.38
2023-05-25 10:15:33,486 - __main__ - INFO - Endpoint not defined
2023-05-25 10:15:33,857 - __main__ - INFO - Weather in Oxford: 17.16
2023-05-26 10:15:39,245 - __main__ - INFO - Endpoint not defined
2023-05-26 10:15:39,456 - __main__ - INFO - Weather in Oxford: 16.46
2023-05-27 10:14:09,037 - __main__ - INFO - Endpoint not defined
2023-05-27 10:14:09,803 - __main__ - INFO - Weather in Oxford: 15.12
2023-05-28 10:14:12,923 - __main__ - INFO - Endpoint not defined
2023-05-28 10:14:13,530 - __main__ - INFO - Weather in Oxford: 19.1
2023-05-29 10:15:47,148 - __main__ - INFO - Endpoint not defined
2023-05-29 10:15:47,714 - __main__ - INFO - Weather in Oxford: 13.23
2023-05-30 10:15:27,497 - __main__ - INFO - Endpoint not defined
2023-05-30 10:15:28,133 - __main__ - INFO - Weather in Oxford: 14.71
2023-05-31 10:15:21,136 - __main__ - INFO - Endpoint not defined
2023-05-31 10:15:21,849 - __main__ - INFO - Weather in Oxford: 12.14
2023-06-01 10:18:26,239 - __main__ - INFO - Endpoint not defined
2023-06-01 10:18:27,133 - __main__ - INFO - Weather in Oxford: 12.41
2023-06-02 10:15:14,362 - __main__ - INFO - Endpoint not defined
2023-06-02 10:15:14,643 - __main__ - INFO - Weather in Oxford: 12.15
2023-06-03 10:14:12,458 - __main__ - INFO - Endpoint not defined
2023-06-03 10:14:13,025 - __main__ - INFO - Weather in Oxford: 15.73
2023-06-04 10:14:42,069 - __main__ - INFO - Endpoint not defined
2023-06-04 10:14:42,707 - __main__ - INFO - Weather in Oxford: 17.12
2023-06-05 10:16:10,420 - __main__ - INFO - Endpoint not defined
2023-06-05 10:16:11,073 - __main__ - INFO - Weather in Oxford: 12.74
2023-06-06 10:15:22,567 - __main__ - INFO - Endpoint not defined
2023-06-06 10:15:23,362 - __main__ - INFO - Weather in Oxford: 12.12
2023-06-07 10:15:40,934 - __main__ - INFO - Endpoint not defined
2023-06-07 10:15:41,546 - __main__ - INFO - Weather in Oxford: 13.32
2023-06-08 10:15:33,648 - __main__ - INFO - Endpoint not defined
2023-06-08 10:15:33,870 - __main__ - INFO - Weather in Oxford: 15.88
2023-06-09 10:15:36,778 - __main__ - INFO - Endpoint not defined
2023-06-09 10:15:37,124 - __main__ - INFO - Weather in Oxford: 18.14
2023-06-10 10:14:43,705 - __main__ - INFO - Endpoint not defined
2023-06-10 10:14:44,199 - __main__ - INFO - Weather in Oxford: 22.97
2023-06-11 10:14:20,879 - __main__ - INFO - Endpoint not defined
2023-06-11 10:14:21,412 - __main__ - INFO - Weather in Oxford: 23.93
2023-06-12 10:17:16,282 - __main__ - INFO - Endpoint not defined
2023-06-12 10:17:16,929 - __main__ - INFO - Weather in Oxford: 23.72
2023-06-13 10:16:02,763 - __main__ - INFO - Endpoint not defined
2023-06-13 10:16:03,397 - __main__ - INFO - Weather in Oxford: 22.28
2023-06-14 10:15:11,646 - __main__ - INFO - Endpoint not defined
2023-06-14 10:15:12,342 - __main__ - INFO - Weather in Oxford: 21.56
2023-06-15 10:16:02,284 - __main__ - INFO - Endpoint not defined
2023-06-15 10:16:03,129 - __main__ - INFO - Weather in Oxford: 22.34
2023-06-16 10:15:21,008 - __main__ - INFO - Endpoint not defined
2023-06-16 10:15:21,528 - __main__ - INFO - Weather in Oxford: 23.54
2023-06-17 10:14:29,729 - __main__ - INFO - Endpoint not defined
2023-06-17 10:14:30,312 - __main__ - INFO - Weather in Oxford: 18.96
2023-06-18 10:14:42,228 - __main__ - INFO - Endpoint not defined
2023-06-18 10:14:42,948 - __main__ - INFO - Weather in Oxford: 23.03
2023-06-19 10:16:15,764 - __main__ - INFO - Endpoint not defined
2023-06-19 10:16:16,322 - __main__ - INFO - Weather in Oxford: 20.97
2023-06-20 10:15:57,496 - __main__ - INFO - Endpoint not defined
2023-06-20 10:15:57,677 - __main__ - INFO - Weather in Oxford: 19.2
2023-06-21 10:16:29,827 - __main__ - INFO - Endpoint not defined
2023-06-21 10:16:30,653 - __main__ - INFO - Weather in Oxford: 20.94
2023-06-22 10:15:24,712 - __main__ - INFO - Endpoint not defined
2023-06-22 10:15:24,882 - __main__ - INFO - Weather in Oxford: 23.28
2023-06-23 10:18:42,474 - __main__ - INFO - Endpoint not defined
2023-06-23 10:18:43,175 - __main__ - INFO - Weather in Oxford: 21.9
2023-06-24 10:16:59,309 - __main__ - INFO - Endpoint not defined
2023-06-24 10:16:59,517 - __main__ - INFO - Weather in Oxford: 23.08
2023-06-25 10:17:23,838 - __main__ - INFO - Endpoint not defined
2023-06-25 10:17:24,460 - __main__ - INFO - Weather in Oxford: 26.57
2023-06-26 10:18:29,419 - __main__ - INFO - Endpoint not defined
2023-06-26 10:18:30,041 - __main__ - INFO - Weather in Oxford: 19.61
2023-06-27 10:18:33,327 - __main__ - INFO - Endpoint not defined
2023-06-27 10:18:34,228 - __main__ - INFO - Weather in Oxford: 18.67
2023-06-28 10:17:54,104 - __main__ - INFO - Endpoint not defined
2023-06-28 10:17:54,735 - __main__ - INFO - Weather in Oxford: 20.0
2023-06-29 10:18:00,250 - __main__ - INFO - Endpoint not defined
2023-06-29 10:18:00,484 - __main__ - INFO - Weather in Oxford: 18.94
2023-06-30 10:17:08,389 - __main__ - INFO - Endpoint not defined
2023-06-30 10:17:08,924 - __main__ - INFO - Weather in Oxford: 16.85
2023-07-01 10:16:16,041 - __main__ - INFO - Endpoint not defined
2023-07-01 10:16:16,289 - __main__ - INFO - Weather in Oxford: 18.13
2023-07-02 10:16:05,517 - __main__ - INFO - Endpoint not defined
2023-07-02 10:16:06,137 - __main__ - INFO - Weather in Oxford: 16.69
2023-07-03 10:17:55,277 - __main__ - INFO - Endpoint not defined
2023-07-03 10:17:55,534 - __main__ - INFO - Weather in Oxford: 15.91
2023-07-04 10:18:58,150 - __main__ - INFO - Endpoint not defined
2023-07-04 10:18:58,739 - __main__ - INFO - Weather in Oxford: 13.62
2023-07-05 10:18:57,579 - __main__ - INFO - Endpoint not defined
2023-07-05 10:18:58,126 - __main__ - INFO - Weather in Oxford: 16.15
2023-07-06 10:19:00,081 - __main__ - INFO - Endpoint not defined
2023-07-06 10:19:00,284 - __main__ - INFO - Weather in Oxford: 18.65
2023-07-07 10:18:00,160 - __main__ - INFO - Endpoint not defined
2023-07-07 10:18:00,389 - __main__ - INFO - Weather in Oxford: 22.92
2023-07-08 10:16:18,340 - __main__ - INFO - Endpoint not defined
2023-07-08 10:16:18,987 - __main__ - INFO - Weather in Oxford: 21.47
2023-07-09 10:16:27,639 - __main__ - INFO - Endpoint not defined
2023-07-09 10:16:27,904 - __main__ - INFO - Weather in Oxford: 18.69
2023-07-10 10:18:22,287 - __main__ - INFO - Endpoint not defined
2023-07-10 10:18:22,967 - __main__ - INFO - Weather in Oxford: 20.43
2023-07-11 10:18:11,162 - __main__ - INFO - Endpoint not defined
2023-07-11 10:18:11,796 - __main__ - INFO - Weather in Oxford: 19.07
2023-07-12 10:17:49,900 - __main__ - INFO - Endpoint not defined
2023-07-12 10:17:50,142 - __main__ - INFO - Weather in Oxford: 17.88
2023-07-13 10:17:38,246 - __main__ - INFO - Endpoint not defined
2023-07-13 10:17:38,583 - __main__ - INFO - Weather in Oxford: 18.33
2023-07-14 10:17:32,521 - __main__ - INFO - Endpoint not defined
2023-07-14 10:17:32,770 - __main__ - INFO - Weather in Oxford: 15.44
2023-07-15 10:16:25,421 - __main__ - INFO - Endpoint not defined
2023-07-15 10:16:25,591 - __main__ - INFO - Weather in Oxford: 18.34
2023-07-16 10:16:26,615 - __main__ - INFO - Endpoint not defined
2023-07-16 10:16:27,388 - __main__ - INFO - Weather in Oxford: 17.84
2023-07-17 10:18:21,171 - __main__ - INFO - Endpoint not defined
2023-07-17 10:18:21,652 - __main__ - INFO - Weather in Oxford: 18.26
2023-07-18 10:17:05,639 - __main__ - INFO - Endpoint not defined
2023-07-18 10:17:05,916 - __main__ - INFO - Weather in Oxford: 18.74
2023-07-19 10:15:41,493 - __main__ - INFO - Endpoint not defined
2023-07-19 10:15:41,984 - __main__ - INFO - Weather in Oxford: 18.72
2023-07-20 10:15:38,547 - __main__ - INFO - Endpoint not defined
2023-07-20 10:15:38,801 - __main__ - INFO - Weather in Oxford: 18.81
2023-07-21 10:15:23,742 - __main__ - INFO - Endpoint not defined
2023-07-21 10:15:24,177 - __main__ - INFO - Weather in Oxford: 17.65
2023-07-22 10:13:57,327 - __main__ - INFO - Endpoint not defined
2023-07-22 10:13:58,276 - __main__ - INFO - Weather in Oxford: 15.75
2023-07-23 10:14:13,937 - __main__ - INFO - Endpoint not defined
2023-07-23 10:14:14,158 - __main__ - INFO - Weather in Oxford: 19.82
2023-07-24 10:16:21,534 - __main__ - INFO - Endpoint not defined
2023-07-24 10:16:22,155 - __main__ - INFO - Weather in Oxford: 14.15
2023-07-25 10:16:14,193 - __main__ - INFO - Endpoint not defined
2023-07-25 10:16:14,775 - __main__ - INFO - Weather in Oxford: 16.24
2023-07-26 10:15:04,452 - __main__ - INFO - Endpoint not defined
2023-07-26 10:15:05,431 - __main__ - INFO - Weather in Oxford: 18.8
2023-07-27 10:15:04,544 - __main__ - INFO - Endpoint not defined
2023-07-27 10:15:05,092 - __main__ - INFO - Weather in Oxford: 19.45
2023-07-28 10:14:39,710 - __main__ - INFO - Endpoint not defined
2023-07-28 10:14:39,972 - __main__ - INFO - Weather in Oxford: 18.92
2023-07-29 10:13:18,054 - __main__ - INFO - Endpoint not defined
2023-07-29 10:13:18,617 - __main__ - INFO - Weather in Oxford: 18.67
2023-07-30 10:13:48,814 - __main__ - INFO - Endpoint not defined
2023-07-30 10:13:49,340 - __main__ - INFO - Weather in Oxford: 18.58
2023-07-31 10:16:07,365 - __main__ - INFO - Endpoint not defined
2023-07-31 10:16:07,899 - __main__ - INFO - Weather in Oxford: 18.09
2023-08-01 10:16:07,948 - __main__ - INFO - Endpoint not defined
2023-08-01 10:16:08,605 - __main__ - INFO - Weather in Oxford: 18.28
2023-08-02 10:15:14,146 - __main__ - INFO - Endpoint not defined
2023-08-02 10:15:14,444 - __main__ - INFO - Weather in Oxford: 17.93
2023-08-03 10:14:50,760 - __main__ - INFO - Endpoint not defined
2023-08-03 10:14:51,398 - __main__ - INFO - Weather in Oxford: 18.57
2023-08-04 10:14:58,320 - __main__ - INFO - Endpoint not defined
2023-08-04 10:14:59,004 - __main__ - INFO - Weather in Oxford: 16.17
2023-08-05 10:13:15,829 - __main__ - INFO - Endpoint not defined
2023-08-05 10:13:16,246 - __main__ - INFO - Weather in Oxford: 13.53
2023-08-06 10:13:48,345 - __main__ - INFO - Endpoint not defined
2023-08-06 10:13:48,701 - __main__ - INFO - Weather in Oxford: 15.8
2023-08-07 10:15:53,212 - __main__ - INFO - Endpoint not defined
2023-08-07 10:15:53,917 - __main__ - INFO - Weather in Oxford: 18.06
2023-08-08 10:14:43,486 - __main__ - INFO - Endpoint not defined
2023-08-08 10:14:44,139 - __main__ - INFO - Weather in Oxford: 14.17
2023-08-09 10:15:56,273 - __main__ - INFO - Endpoint not defined
2023-08-09 10:15:56,929 - __main__ - INFO - Weather in Oxford: 19.49
2023-08-10 10:15:55,904 - __main__ - INFO - Endpoint not defined
2023-08-10 10:15:56,159 - __main__ - INFO - Weather in Oxford: 22.78
2023-08-11 10:14:44,896 - __main__ - INFO - Endpoint not defined
2023-08-11 10:14:45,627 - __main__ - INFO - Weather in Oxford: 21.62
2023-08-12 10:12:55,136 - __main__ - INFO - Endpoint not defined
2023-08-12 10:12:55,774 - __main__ - INFO - Weather in Oxford: 19.03
2023-08-13 10:13:49,128 - __main__ - INFO - Endpoint not defined
2023-08-13 10:13:49,368 - __main__ - INFO - Weather in Oxford: 18.23
2023-08-14 10:15:05,131 - __main__ - INFO - Endpoint not defined
2023-08-14 10:15:05,972 - __main__ - INFO - Weather in Oxford: 17.74
2023-08-15 10:14:35,841 - __main__ - INFO - Endpoint not defined
2023-08-15 10:14:36,462 - __main__ - INFO - Weather in Oxford: 19.82
2023-08-16 10:14:33,877 - __main__ - INFO - Endpoint not defined
2023-08-16 10:14:34,393 - __main__ - INFO - Weather in Oxford: 20.7
2023-08-17 10:14:22,702 - __main__ - INFO - Endpoint not defined
2023-08-17 10:14:23,511 - __main__ - INFO - Weather in Oxford: 20.64
2023-08-18 10:14:39,962 - __main__ - INFO - Endpoint not defined
2023-08-18 10:14:40,768 - __main__ - INFO - Weather in Oxford: 17.87
2023-08-19 10:13:17,494 - __main__ - INFO - Endpoint not defined
2023-08-19 10:13:18,177 - __main__ - INFO - Weather in Oxford: 20.72
2023-08-20 10:13:04,001 - __main__ - INFO - Endpoint not defined
2023-08-20 10:13:04,628 - __main__ - INFO - Weather in Oxford: 20.29
2023-08-21 10:15:13,129 - __main__ - INFO - Endpoint not defined
2023-08-21 10:15:13,379 - __main__ - INFO - Weather in Oxford: 19.64
2023-08-22 10:14:56,587 - __main__ - INFO - Endpoint not defined
2023-08-22 10:14:56,808 - __main__ - INFO - Weather in Oxford: 20.96
2023-08-23 10:14:46,790 - __main__ - INFO - Endpoint not defined
2023-08-23 10:14:47,436 - __main__ - INFO - Weather in Oxford: 19.34
2023-08-24 10:15:00,817 - __main__ - INFO - Endpoint not defined
2023-08-24 10:15:01,636 - __main__ - INFO - Weather in Oxford: 21.49
2023-08-25 10:14:42,078 - __main__ - INFO - Endpoint not defined
2023-08-25 10:14:42,610 - __main__ - INFO - Weather in Oxford: 17.51
2023-08-26 10:13:48,427 - __main__ - INFO - Endpoint not defined
2023-08-26 10:13:48,594 - __main__ - INFO - Weather in Oxford: 16.43
2023-08-27 10:13:40,693 - __main__ - INFO - Endpoint not defined
2023-08-27 10:13:41,056 - __main__ - INFO - Weather in Oxford: 16.5
2023-08-28 10:16:11,425 - __main__ - INFO - Endpoint not defined
2023-08-28 10:16:11,899 - __main__ - INFO - Weather in Oxford: 16.32
2023-08-29 10:15:32,454 - __main__ - INFO - Endpoint not defined
2023-08-29 10:15:32,746 - __main__ - INFO - Weather in Oxford: 18.36
2023-08-30 10:15:05,305 - __main__ - INFO - Endpoint not defined
2023-08-31 10:15:24,716 - __main__ - INFO - Endpoint not defined
2023-08-31 10:15:25,477 - __main__ - INFO - Weather in Oxford: 14.11
2023-09-01 10:15:13,356 - __main__ - INFO - Endpoint not defined
2023-09-01 10:15:13,685 - __main__ - INFO - Weather in Oxford: 16.79
2023-09-02 10:13:22,717 - __main__ - INFO - Endpoint not defined
2023-09-02 10:13:22,986 - __main__ - INFO - Weather in Oxford: 19.19
2023-09-03 10:13:40,931 - __main__ - INFO - Endpoint not defined
2023-09-03 10:13:41,572 - __main__ - INFO - Weather in Oxford: 21.3
2023-09-04 10:15:31,932 - __main__ - INFO - Endpoint not defined
2023-09-04 10:15:32,174 - __main__ - INFO - Weather in Oxford: 24.18
2023-09-05 10:15:17,955 - __main__ - INFO - Endpoint not defined
2023-09-05 10:15:18,224 - __main__ - INFO - Weather in Oxford: 22.58
2023-09-06 10:15:31,986 - __main__ - INFO - Endpoint not defined
2023-09-06 10:15:32,605 - __main__ - INFO - Weather in Oxford: 23.29
2023-09-07 10:16:45,168 - __main__ - INFO - Endpoint not defined
2023-09-07 10:16:45,850 - __main__ - INFO - Weather in Oxford: 26.52
2023-09-08 10:15:03,530 - __main__ - INFO - Endpoint not defined
2023-09-08 10:15:04,196 - __main__ - INFO - Weather in Oxford: 24.44
2023-09-09 10:13:34,442 - __main__ - INFO - Endpoint not defined
2023-09-09 10:13:34,745 - __main__ - INFO - Weather in Oxford: 27.16
2023-09-10 10:13:33,132 - __main__ - INFO - Endpoint not defined
2023-09-10 10:13:33,713 - __main__ - INFO - Weather in Oxford: 25.1
2023-09-11 10:15:43,264 - __main__ - INFO - Endpoint not defined
2023-09-11 10:15:43,762 - __main__ - INFO - Weather in Oxford: 22.01
2023-09-12 10:15:46,856 - __main__ - INFO - Endpoint not defined
2023-09-12 10:15:47,106 - __main__ - INFO - Weather in Oxford: 19.58
2023-09-13 10:15:41,849 - __main__ - INFO - Endpoint not defined
2023-09-13 10:15:42,448 - __main__ - INFO - Weather in Oxford: 16.41
2023-09-14 10:15:55,570 - __main__ - INFO - Endpoint not defined
2023-09-14 10:15:55,843 - __main__ - INFO - Weather in Oxford: 19.14
2023-09-15 10:15:29,934 - __main__ - INFO - Endpoint not defined
2023-09-15 10:15:30,305 - __main__ - INFO - Weather in Oxford: 18.11
2023-09-16 10:13:21,548 - __main__ - INFO - Endpoint not defined
2023-09-16 10:13:22,055 - __main__ - INFO - Weather in Oxford: 19.06
2023-09-17 10:13:34,267 - __main__ - INFO - Endpoint not defined
2023-09-17 10:13:34,817 - __main__ - INFO - Weather in Oxford: 18.55
2023-09-18 10:15:53,353 - __main__ - INFO - Endpoint not defined
2023-09-18 10:15:53,603 - __main__ - INFO - Weather in Oxford: 17.1
2023-09-19 10:15:40,151 - __main__ - INFO - Endpoint not defined
2023-09-19 10:15:40,554 - __main__ - INFO - Weather in Oxford: 17.05
2023-09-20 10:15:42,533 - __main__ - INFO - Endpoint not defined
2023-09-20 10:15:43,006 - __main__ - INFO - Weather in Oxford: 17.3
2023-09-21 10:16:04,989 - __main__ - INFO - Endpoint not defined
2023-09-21 10:16:05,906 - __main__ - INFO - Weather in Oxford: 15.53
2023-09-22 10:15:45,648 - __main__ - INFO - Endpoint not defined
2023-09-22 10:15:46,277 - __main__ - INFO - Weather in Oxford: 14.77
2023-09-23 10:13:27,674 - __main__ - INFO - Endpoint not defined
2023-09-23 10:13:28,239 - __main__ - INFO - Weather in Oxford: 14.67
2023-09-24 10:13:35,274 - __main__ - INFO - Endpoint not defined
2023-09-24 10:13:35,916 - __main__ - INFO - Weather in Oxford: 16.96
2023-09-25 10:16:09,041 - __main__ - INFO - Endpoint not defined
2023-09-25 10:16:10,768 - __main__ - INFO - Weather in Oxford: 18.14
2023-09-26 10:15:49,670 - __main__ - INFO - Endpoint not defined
2023-09-26 10:15:49,898 - __main__ - INFO - Weather in Oxford: 17.71
2023-09-27 10:15:47,009 - __main__ - INFO - Endpoint not defined
2023-09-27 10:15:47,521 - __main__ - INFO - Weather in Oxford: 17.73
2023-09-28 10:15:22,442 - __main__ - INFO - Endpoint not defined
2023-09-28 10:15:22,711 - __main__ - INFO - Weather in Oxford: 15.0
2023-09-29 10:15:28,831 - __main__ - INFO - Endpoint not defined
2023-09-29 10:15:29,099 - __main__ - INFO - Weather in Oxford: 16.16
2023-09-30 10:13:30,070 - __main__ - INFO - Endpoint not defined
2023-09-30 10:13:30,287 - __main__ - INFO - Weather in Oxford: 15.15
2023-10-01 10:14:16,596 - __main__ - INFO - Endpoint not defined
2023-10-01 10:14:17,239 - __main__ - INFO - Weather in Oxford: 19.28
2023-10-02 10:15:57,090 - __main__ - INFO - Endpoint not defined
2023-10-02 10:15:57,721 - __main__ - INFO - Weather in Oxford: 17.31
2023-10-03 10:15:59,291 - __main__ - INFO - Endpoint not defined
2023-10-03 10:15:59,917 - __main__ - INFO - Weather in Oxford: 15.51
2023-10-04 10:16:14,542 - __main__ - INFO - Endpoint not defined
2023-10-04 10:16:15,202 - __main__ - INFO - Weather in Oxford: 14.56
2023-10-05 10:16:35,834 - __main__ - INFO - Endpoint not defined
2023-10-05 10:16:36,451 - __main__ - INFO - Weather in Oxford: 15.3
2023-10-06 10:15:55,059 - __main__ - INFO - Endpoint not defined
2023-10-06 10:15:55,275 - __main__ - INFO - Weather in Oxford: 17.0
2023-10-07 10:13:37,582 - __main__ - INFO - Endpoint not defined
2023-10-07 10:13:38,241 - __main__ - INFO - Weather in Oxford: 18.07
2023-10-08 10:14:04,241 - __main__ - INFO - Endpoint not defined
2023-10-08 10:14:05,168 - __main__ - INFO - Weather in Oxford: 18.84
2023-10-09 10:17:12,016 - __main__ - INFO - Endpoint not defined
2023-10-09 10:17:12,200 - __main__ - INFO - Weather in Oxford: 18.23
2023-10-10 10:16:19,055 - __main__ - INFO - Endpoint not defined
2023-10-10 10:16:19,267 - __main__ - INFO - Weather in Oxford: 18.25
2023-10-11 10:16:25,364 - __main__ - INFO - Endpoint not defined
2023-10-11 10:16:25,591 - __main__ - INFO - Weather in Oxford: 18.46
2023-10-12 10:15:49,970 - __main__ - INFO - Endpoint not defined
2023-10-12 10:15:50,414 - __main__ - INFO - Weather in Oxford: 11.1
2023-10-13 10:16:25,936 - __main__ - INFO - Endpoint not defined
2023-10-13 10:16:26,586 - __main__ - INFO - Weather in Oxford: 18.66
2023-10-14 10:13:41,939 - __main__ - INFO - Endpoint not defined
2023-10-14 10:13:42,107 - __main__ - INFO - Weather in Oxford: 10.97
2023-10-15 10:14:08,427 - __main__ - INFO - Endpoint not defined
2023-10-15 10:14:09,055 - __main__ - INFO - Weather in Oxford: 8.03
2023-10-16 10:16:30,400 - __main__ - INFO - Endpoint not defined
2023-10-16 10:16:30,929 - __main__ - INFO - Weather in Oxford: 7.97
2023-10-17 10:16:19,756 - __main__ - INFO - Endpoint not defined
2023-10-17 10:16:19,950 - __main__ - INFO - Weather in Oxford: 11.99
2023-10-18 10:15:54,544 - __main__ - INFO - Endpoint not defined
2023-10-18 10:15:55,337 - __main__ - INFO - Weather in Oxford: 12.86
2023-10-19 10:15:51,440 - __main__ - INFO - Endpoint not defined
2023-10-19 10:15:51,897 - __main__ - INFO - Weather in Oxford: 16.84
2023-10-20 10:15:51,681 - __main__ - INFO - Endpoint not defined
2023-10-20 10:15:51,899 - __main__ - INFO - Weather in Oxford: 13.45
2023-10-21 10:13:49,565 - __main__ - INFO - Endpoint not defined
2023-10-21 10:13:49,825 - __main__ - INFO - Weather in Oxford: 13.12
2023-10-22 10:14:13,706 - __main__ - INFO - Endpoint not defined
2023-10-22 10:14:13,923 - __main__ - INFO - Weather in Oxford: 10.94
2023-10-23 10:16:04,000 - __main__ - INFO - Endpoint not defined
2023-10-23 10:16:04,224 - __main__ - INFO - Weather in Oxford: 12.67
2023-10-24 10:16:14,013 - __main__ - INFO - Endpoint not defined
2023-10-24 10:16:14,692 - __main__ - INFO - Weather in Oxford: 11.51
2023-10-25 10:15:56,282 - __main__ - INFO - Endpoint not defined
2023-10-25 10:15:56,988 - __main__ - INFO - Weather in Oxford: 9.61
2023-10-26 10:15:25,392 - __main__ - INFO - Endpoint not defined
2023-10-26 10:15:26,073 - __main__ - INFO - Weather in Oxford: 12.86
2023-10-27 10:15:26,430 - __main__ - INFO - Endpoint not defined
2023-10-27 10:15:27,040 - __main__ - INFO - Weather in Oxford: 10.1
2023-10-28 10:13:46,224 - __main__ - INFO - Endpoint not defined
2023-10-28 10:13:47,030 - __main__ - INFO - Weather in Oxford: 12.68
2023-10-29 10:14:10,521 - __main__ - INFO - Endpoint not defined
2023-10-29 10:14:10,879 - __main__ - INFO - Weather in Oxford: 10.09
2023-10-30 10:15:57,118 - __main__ - INFO - Endpoint not defined
2023-10-30 10:15:57,666 - __main__ - INFO - Weather in Oxford: 12.57
2023-10-31 10:16:53,725 - __main__ - INFO - Endpoint not defined
2023-10-31 10:16:53,944 - __main__ - INFO - Weather in Oxford: 11.29
2023-11-01 10:15:30,756 - __main__ - INFO - Endpoint not defined
2023-11-01 10:15:31,690 - __main__ - INFO - Weather in Oxford: 12.39
2023-11-02 10:15:37,704 - __main__ - INFO - Endpoint not defined
2023-11-02 10:15:37,979 - __main__ - INFO - Weather in Oxford: 9.51
2023-11-03 10:15:47,698 - __main__ - INFO - Endpoint not defined
2023-11-03 10:15:47,984 - __main__ - INFO - Weather in Oxford: 9.49
2023-11-04 10:14:29,061 - __main__ - INFO - Endpoint not defined
2023-11-04 10:14:29,629 - __main__ - INFO - Weather in Oxford: 7.88
2023-11-05 10:14:04,343 - __main__ - INFO - Endpoint not defined
2023-11-05 10:14:05,257 - __main__ - INFO - Weather in Oxford: 10.52
2023-11-06 10:17:12,152 - __main__ - INFO - Endpoint not defined
2023-11-06 10:17:12,376 - __main__ - INFO - Weather in Oxford: 10.06
2023-11-07 10:15:56,492 - __main__ - INFO - Endpoint not defined
2023-11-07 10:15:56,888 - __main__ - INFO - Weather in Oxford: 9.18
2023-11-08 10:15:45,387 - __main__ - INFO - Endpoint not defined
2023-11-08 10:15:45,802 - __main__ - INFO - Weather in Oxford: 11.64
2023-11-09 10:15:39,461 - __main__ - INFO - Endpoint not defined
2023-11-09 10:15:39,791 - __main__ - INFO - Weather in Oxford: 8.95
2023-11-10 10:15:37,854 - __main__ - INFO - Endpoint not defined
2023-11-10 10:15:38,120 - __main__ - INFO - Weather in Oxford: 6.97
2023-11-11 10:14:12,226 - __main__ - INFO - Endpoint not defined
2023-11-11 10:14:12,873 - __main__ - INFO - Weather in Oxford: 6.65
2023-11-12 10:14:23,220 - __main__ - INFO - Endpoint not defined
2023-11-12 10:14:24,166 - __main__ - INFO - Weather in Oxford: 6.13
2023-11-13 10:16:29,647 - __main__ - INFO - Endpoint not defined
2023-11-13 10:16:29,848 - __main__ - INFO - Weather in Oxford: 13.54
2023-11-14 10:16:34,517 - __main__ - INFO - Endpoint not defined
2023-11-14 10:16:34,746 - __main__ - INFO - Weather in Oxford: 10.9
2023-11-15 10:17:23,149 - __main__ - INFO - Endpoint not defined
2023-11-15 10:17:23,335 - __main__ - INFO - Weather in Oxford: 9.77
2023-11-16 10:16:24,057 - __main__ - INFO - Endpoint not defined
2023-11-16 10:16:24,735 - __main__ - INFO - Weather in Oxford: 6.2
2023-11-17 10:16:07,373 - __main__ - INFO - Endpoint not defined
2023-11-17 10:16:07,965 - __main__ - INFO - Weather in Oxford: 6.89
2023-11-18 10:14:27,260 - __main__ - INFO - Endpoint not defined
2023-11-18 10:14:27,545 - __main__ - INFO - Weather in Oxford: 13.73
2023-11-19 10:15:02,665 - __main__ - INFO - Endpoint not defined
2023-11-19 10:15:03,272 - __main__ - INFO - Weather in Oxford: 11.87
2023-11-20 10:17:15,888 - __main__ - INFO - Endpoint not defined
2023-11-20 10:17:16,635 - __main__ - INFO - Weather in Oxford: 9.86
2023-11-21 10:22:22,156 - __main__ - INFO - Endpoint not defined
2023-11-21 10:22:22,466 - __main__ - INFO - Weather in Oxford: 9.08
2023-11-22 10:17:45,361 - __main__ - INFO - Endpoint not defined
2023-11-22 10:17:45,567 - __main__ - INFO - Weather in Oxford: 6.83
2023-11-23 10:16:08,448 - __main__ - INFO - Endpoint not defined
2023-11-23 10:16:08,687 - __main__ - INFO - Weather in Oxford: 10.73
2023-11-24 10:16:36,360 - __main__ - INFO - Endpoint not defined
2023-11-24 10:16:37,159 - __main__ - INFO - Weather in Oxford: 7.84
2023-11-25 10:14:12,062 - __main__ - INFO - Endpoint not defined
2023-11-25 10:14:12,914 - __main__ - INFO - Weather in Oxford: 2.09
2023-11-26 10:14:33,246 - __main__ - INFO - Endpoint not defined
2023-11-26 10:14:33,482 - __main__ - INFO - Weather in Oxford: 1.98
2023-11-27 10:16:49,807 - __main__ - INFO - Endpoint not defined
2023-11-27 10:16:49,954 - __main__ - INFO - Weather in Oxford: 8.42
2023-11-28 10:16:46,384 - __main__ - INFO - Endpoint not defined
2023-11-28 10:16:46,595 - __main__ - INFO - Weather in Oxford: 4.8
2023-11-29 10:16:56,083 - __main__ - INFO - Endpoint not defined
2023-11-29 10:16:56,576 - __main__ - INFO - Weather in Oxford: 1.84
2023-11-30 10:16:52,628 - __main__ - INFO - Endpoint not defined
2023-11-30 10:16:53,363 - __main__ - INFO - Weather in Oxford: 0.05
2023-12-01 10:16:34,704 - __main__ - INFO - Endpoint not defined
2023-12-01 10:16:35,189 - __main__ - INFO - Weather in Oxford: -0.19
2023-12-02 10:14:13,195 - __main__ - INFO - Endpoint not defined
2023-12-02 10:14:13,557 - __main__ - INFO - Weather in Oxford: -2.92
2023-12-03 10:14:52,726 - __main__ - INFO - Endpoint not defined
2023-12-03 10:14:53,270 - __main__ - INFO - Weather in Oxford: 4.33
2023-12-04 10:17:39,843 - __main__ - INFO - Endpoint not defined
2023-12-04 10:17:40,243 - __main__ - INFO - Weather in Oxford: 6.86
2023-12-05 10:17:08,478 - __main__ - INFO - Endpoint not defined
2023-12-05 10:17:09,122 - __main__ - INFO - Weather in Oxford: 4.94
2023-12-06 10:16:35,245 - __main__ - INFO - Endpoint not defined
2023-12-06 10:16:35,963 - __main__ - INFO - Weather in Oxford: 0.5
2023-12-07 10:17:00,993 - __main__ - INFO - Endpoint not defined
2023-12-07 10:17:01,498 - __main__ - INFO - Weather in Oxford: 7.3
2023-12-08 10:16:17,020 - __main__ - INFO - Endpoint not defined
2023-12-08 10:16:18,160 - __main__ - INFO - Weather in Oxford: 7.73
2023-12-09 10:14:39,478 - __main__ - INFO - Endpoint not defined
2023-12-09 10:14:40,459 - __main__ - INFO - Weather in Oxford: 10.27
2023-12-10 10:14:49,982 - __main__ - INFO - Endpoint not defined
2023-12-10 10:14:50,521 - __main__ - INFO - Weather in Oxford: 9.09
2023-12-11 10:17:39,023 - __main__ - INFO - Endpoint not defined
2023-12-11 10:17:39,665 - __main__ - INFO - Weather in Oxford: 9.29
2023-12-12 10:16:44,443 - __main__ - INFO - Endpoint not defined
2023-12-12 10:16:45,028 - __main__ - INFO - Weather in Oxford: 9.65
2023-12-13 10:16:31,760 - __main__ - INFO - Endpoint not defined
2023-12-13 10:16:32,661 - __main__ - INFO - Weather in Oxford: 6.82
2023-12-14 10:16:25,106 - __main__ - INFO - Endpoint not defined
2023-12-14 10:16:26,110 - __main__ - INFO - Weather in Oxford: 4.34
2023-12-15 10:16:43,683 - __main__ - INFO - Endpoint not defined
2023-12-15 10:16:44,063 - __main__ - INFO - Weather in Oxford: 6.0
2023-12-16 10:14:38,715 - __main__ - INFO - Endpoint not defined
2023-12-16 10:14:39,482 - __main__ - INFO - Weather in Oxford: 10.0
2023-12-17 10:14:59,032 - __main__ - INFO - Endpoint not defined
2023-12-17 10:14:59,537 - __main__ - INFO - Weather in Oxford: 9.22
2023-12-18 10:17:34,497 - __main__ - INFO - Endpoint not defined
2023-12-18 10:17:35,271 - __main__ - INFO - Weather in Oxford: 10.28
2023-12-19 10:16:01,821 - __main__ - INFO - Endpoint not defined
2023-12-19 10:16:03,619 - __main__ - INFO - Weather in Oxford: 10.03
2023-12-20 10:13:11,053 - __main__ - INFO - Endpoint not defined
2023-12-20 10:13:11,911 - __main__ - INFO - Weather in Oxford: 7.9
2023-12-21 10:16:11,311 - __main__ - INFO - Endpoint not defined
2023-12-21 10:16:11,616 - __main__ - INFO - Weather in Oxford: 12.76
2023-12-22 10:16:09,610 - __main__ - INFO - Endpoint not defined
2023-12-22 10:16:10,802 - __main__ - INFO - Weather in Oxford: 11.03
2023-12-23 10:14:43,254 - __main__ - INFO - Endpoint not defined
2023-12-23 10:14:44,009 - __main__ - INFO - Weather in Oxford: 10.23
2023-12-24 10:14:40,067 - __main__ - INFO - Endpoint not defined
2023-12-24 10:14:41,041 - __main__ - INFO - Weather in Oxford: 12.94
2023-12-25 10:16:14,033 - __main__ - INFO - Endpoint not defined
2023-12-25 10:16:14,682 - __main__ - INFO - Weather in Oxford: 11.25
2023-12-26 10:15:28,866 - __main__ - INFO - Endpoint not defined
2023-12-26 10:15:29,750 - __main__ - INFO - Weather in Oxford: 6.29
2023-12-27 10:15:49,702 - __main__ - INFO - Endpoint not defined
2023-12-27 10:15:50,374 - __main__ - INFO - Weather in Oxford: 11.49
2023-12-28 10:15:54,840 - __main__ - INFO - Endpoint not defined
2023-12-28 10:15:55,804 - __main__ - INFO - Weather in Oxford: 10.17
2023-12-29 10:15:57,359 - __main__ - INFO - Endpoint not defined
2023-12-29 10:15:57,794 - __main__ - INFO - Weather in Oxford: 8.38
2023-12-30 10:14:42,206 - __main__ - INFO - Endpoint not defined
2023-12-30 10:14:42,400 - __main__ - INFO - Weather in Oxford: 8.85
2023-12-31 10:14:39,275 - __main__ - INFO - Endpoint not defined
2023-12-31 10:14:40,328 - __main__ - INFO - Weather in Oxford: 6.99
2024-01-01 10:16:24,651 - __main__ - INFO - Endpoint not defined
2024-01-01 10:16:25,101 - __main__ - INFO - Weather in Oxford: 6.19
2024-01-02 10:16:16,970 - __main__ - INFO - Endpoint not defined
2024-01-02 10:16:17,406 - __main__ - INFO - Weather in Oxford: 10.44
2024-01-03 10:16:16,239 - __main__ - INFO - Endpoint not defined
2024-01-03 10:16:17,007 - __main__ - INFO - Weather in Oxford: 8.64
2024-01-04 10:16:11,352 - __main__ - INFO - Endpoint not defined
2024-01-04 10:16:11,871 - __main__ - INFO - Weather in Oxford: 5.88
2024-01-05 10:16:23,893 - __main__ - INFO - Endpoint not defined
2024-01-05 10:16:25,132 - __main__ - INFO - Weather in Oxford: 4.9
2024-01-06 10:15:09,285 - __main__ - INFO - Endpoint not defined
2024-01-06 10:15:10,246 - __main__ - INFO - Weather in Oxford: 4.93
2024-01-07 10:15:33,383 - __main__ - INFO - Endpoint not defined
2024-01-07 10:15:34,051 - __main__ - INFO - Weather in Oxford: 2.77
2024-01-08 10:17:25,280 - __main__ - INFO - Endpoint not defined
2024-01-08 10:17:26,147 - __main__ - INFO - Weather in Oxford: 2.49
2024-01-09 10:16:51,150 - __main__ - INFO - Endpoint not defined
2024-01-09 10:16:51,607 - __main__ - INFO - Weather in Oxford: 0.7
2024-01-10 10:16:38,234 - __main__ - INFO - Endpoint not defined
2024-01-10 10:16:38,746 - __main__ - INFO - Weather in Oxford: 2.2
2024-01-11 10:16:37,632 - __main__ - INFO - Endpoint not defined
2024-01-11 10:16:38,379 - __main__ - INFO - Weather in Oxford: 2.41
2024-01-12 10:16:36,708 - __main__ - INFO - Endpoint not defined
2024-01-12 10:16:37,251 - __main__ - INFO - Weather in Oxford: 4.71
2024-01-13 10:14:54,267 - __main__ - INFO - Endpoint not defined
2024-01-13 10:14:55,050 - __main__ - INFO - Weather in Oxford: 2.08
2024-01-14 10:15:14,432 - __main__ - INFO - Endpoint not defined
2024-01-14 10:15:15,394 - __main__ - INFO - Weather in Oxford: 2.83
2024-01-15 10:17:48,008 - __main__ - INFO - Endpoint not defined
2024-01-15 10:17:49,122 - __main__ - INFO - Weather in Oxford: 1.35
2024-01-16 10:16:54,226 - __main__ - INFO - Endpoint not defined
2024-01-16 10:16:54,970 - __main__ - INFO - Weather in Oxford: -0.58
2024-01-17 10:16:57,391 - __main__ - INFO - Endpoint not defined
2024-01-17 10:16:58,185 - __main__ - INFO - Weather in Oxford: -0.05
2024-01-18 10:17:28,130 - __main__ - INFO - Endpoint not defined
2024-01-18 10:17:28,828 - __main__ - INFO - Weather in Oxford: -2.07
2024-01-19 10:16:46,053 - __main__ - INFO - Endpoint not defined
2024-01-19 10:16:47,049 - __main__ - INFO - Weather in Oxford: 0.01
2024-01-20 10:15:05,226 - __main__ - INFO - Endpoint not defined
2024-01-20 10:15:05,827 - __main__ - INFO - Weather in Oxford: 4.16
2024-01-21 10:15:52,221 - __main__ - INFO - Endpoint not defined
2024-01-21 10:15:52,994 - __main__ - INFO - Weather in Oxford: 9.29
2024-01-22 10:17:03,669 - __main__ - INFO - Endpoint not defined
2024-01-22 10:17:04,288 - __main__ - INFO - Weather in Oxford: 8.55
2024-01-23 10:16:42,018 - __main__ - INFO - Endpoint not defined
2024-01-23 10:16:42,648 - __main__ - INFO - Weather in Oxford: 8.4
2024-01-24 10:17:02,192 - __main__ - INFO - Endpoint not defined
2024-01-24 10:17:02,924 - __main__ - INFO - Weather in Oxford: 9.21
2024-01-25 10:17:19,796 - __main__ - INFO - Endpoint not defined
2024-01-25 10:17:20,590 - __main__ - INFO - Weather in Oxford: 10.1
2024-01-26 10:15:41,002 - __main__ - INFO - Endpoint not defined
2024-01-26 10:15:44,198 - __main__ - INFO - Weather in Oxford: 7.17
2024-01-27 10:14:24,037 - __main__ - INFO - Endpoint not defined
2024-01-27 10:14:25,032 - __main__ - INFO - Weather in Oxford: 2.88
2024-01-28 10:15:00,638 - __main__ - INFO - Endpoint not defined
2024-01-28 10:15:01,647 - __main__ - INFO - Weather in Oxford: 6.74
2024-01-29 10:15:32,170 - __main__ - INFO - Endpoint not defined
2024-01-29 10:15:32,507 - __main__ - INFO - Weather in Oxford: 10.74
2024-01-30 10:16:35,036 - __main__ - INFO - Endpoint not defined
2024-01-30 10:16:35,860 - __main__ - INFO - Weather in Oxford: 7.45
2024-01-31 10:14:56,777 - __main__ - INFO - Endpoint not defined
2024-01-31 10:14:56,963 - __main__ - INFO - Weather in Oxford: 6.31
2024-02-01 10:16:12,111 - __main__ - INFO - Endpoint not defined
2024-02-01 10:16:12,911 - __main__ - INFO - Weather in Oxford: 5.25
2024-02-02 10:15:40,387 - __main__ - INFO - Endpoint not defined
2024-02-02 10:15:41,484 - __main__ - INFO - Weather in Oxford: 10.26
2024-02-03 10:13:47,938 - __main__ - INFO - Endpoint not defined
2024-02-03 10:13:48,803 - __main__ - INFO - Weather in Oxford: 11.09
2024-02-04 10:14:43,948 - __main__ - INFO - Endpoint not defined
2024-02-04 10:14:44,123 - __main__ - INFO - Weather in Oxford: 11.43
2024-02-05 10:16:26,132 - __main__ - INFO - Endpoint not defined
2024-02-05 10:16:26,828 - __main__ - INFO - Weather in Oxford: 9.24
2024-02-06 10:15:43,183 - __main__ - INFO - Endpoint not defined
2024-02-06 10:15:43,391 - __main__ - INFO - Weather in Oxford: 11.45
2024-02-13 10:15:05,654 - __main__ - INFO - Endpoint not defined
2024-02-13 10:15:06,071 - __main__ - INFO - Weather in Oxford: 6.77
2024-02-14 10:15:23,668 - __main__ - INFO - Endpoint not defined
2024-02-14 10:15:24,315 - __main__ - INFO - Weather in Oxford: 12.62
2024-02-15 10:16:01,824 - __main__ - INFO - Endpoint not defined
2024-02-15 10:16:02,314 - __main__ - INFO - Weather in Oxford: 13.76
2024-02-16 10:15:36,930 - __main__ - INFO - Endpoint not defined
2024-02-16 10:15:37,802 - __main__ - INFO - Weather in Oxford: 10.49
2024-02-17 10:14:06,800 - __main__ - INFO - Endpoint not defined
2024-02-17 10:14:07,955 - __main__ - INFO - Weather in Oxford: 11.32
2024-02-18 10:15:24,044 - __main__ - INFO - Endpoint not defined
2024-02-18 10:15:25,113 - __main__ - INFO - Weather in Oxford: 11.84
2024-02-19 10:16:04,898 - __main__ - INFO - Endpoint not defined
2024-02-19 10:16:05,860 - __main__ - INFO - Weather in Oxford: 10.18
2024-02-20 10:15:03,262 - __main__ - INFO - Endpoint not defined
2024-02-20 10:15:04,105 - __main__ - INFO - Weather in Oxford: 9.33
2024-02-21 10:16:26,316 - __main__ - INFO - Endpoint not defined
2024-02-21 10:16:27,092 - __main__ - INFO - Weather in Oxford: 9.07
2024-02-22 10:14:56,892 - __main__ - INFO - Endpoint not defined
2024-02-22 10:14:57,502 - __main__ - INFO - Weather in Oxford: 6.38
2024-02-23 10:16:29,655 - __main__ - INFO - Endpoint not defined
2024-02-23 10:16:30,191 - __main__ - INFO - Weather in Oxford: 5.55
2024-02-24 10:16:24,720 - __main__ - INFO - Endpoint not defined
2024-02-24 10:16:25,274 - __main__ - INFO - Weather in Oxford: 2.42
2024-02-25 10:13:47,720 - __main__ - INFO - Endpoint not defined
2024-02-25 10:13:48,305 - __main__ - INFO - Weather in Oxford: 4.68
2024-02-26 10:16:15,846 - __main__ - INFO - Endpoint not defined
2024-02-26 10:16:16,708 - __main__ - INFO - Weather in Oxford: 6.17
2024-02-27 10:16:28,579 - __main__ - INFO - Endpoint not defined
2024-02-27 10:16:29,195 - __main__ - INFO - Weather in Oxford: 3.27
2024-02-28 10:17:03,897 - __main__ - INFO - Endpoint not defined
2024-02-28 10:17:04,280 - __main__ - INFO - Weather in Oxford: 7.85
2024-02-29 10:17:37,232 - __main__ - INFO - Endpoint not defined
2024-02-29 10:17:38,241 - __main__ - INFO - Weather in Oxford: 9.16
2024-03-01 10:15:28,833 - __main__ - INFO - Endpoint not defined
2024-03-01 10:15:29,567 - __main__ - INFO - Weather in Oxford: 5.59
2024-03-02 10:13:32,597 - __main__ - INFO - Endpoint not defined
2024-03-02 10:13:33,296 - __main__ - INFO - Weather in Oxford: 3.72
2024-03-03 10:16:36,288 - __main__ - INFO - Endpoint not defined
2024-03-03 10:16:37,357 - __main__ - INFO - Weather in Oxford: 2.71
2024-03-04 11:23:38,510 - __main__ - INFO - Endpoint not defined
2024-03-04 11:23:38,854 - __main__ - INFO - Weather in Oxford: 8.66
2024-03-05 10:16:26,029 - __main__ - INFO - Endpoint not defined
2024-03-05 10:16:26,349 - __main__ - INFO - Weather in Oxford: 7.61
2024-03-06 10:15:20,077 - __main__ - INFO - Endpoint not defined
2024-03-06 10:15:20,406 - __main__ - INFO - Weather in Oxford: 4.81
2024-03-07 10:14:10,107 - __main__ - INFO - Endpoint not defined
2024-03-07 10:14:10,984 - __main__ - INFO - Weather in Oxford: 7.04
2024-03-08 10:17:14,568 - __main__ - INFO - Endpoint not defined
2024-03-08 10:17:15,268 - __main__ - INFO - Weather in Oxford: 7.14
2024-03-09 10:15:44,845 - __main__ - INFO - Endpoint not defined
2024-03-09 10:15:45,323 - __main__ - INFO - Weather in Oxford: 9.42
2024-03-10 10:14:03,690 - __main__ - INFO - Endpoint not defined
2024-03-10 10:14:04,448 - __main__ - INFO - Weather in Oxford: 8.26
2024-03-11 10:17:15,657 - __main__ - INFO - Endpoint not defined
2024-03-11 10:17:16,065 - __main__ - INFO - Weather in Oxford: 7.22
2024-03-12 10:15:17,366 - __main__ - INFO - Endpoint not defined
2024-03-12 10:15:18,146 - __main__ - INFO - Weather in Oxford: 10.06
2024-03-13 10:15:34,034 - __main__ - INFO - Endpoint not defined
2024-03-13 10:15:36,502 - __main__ - INFO - Weather in Oxford: 12.15
2024-03-14 10:15:29,707 - __main__ - INFO - Endpoint not defined
2024-03-14 10:15:30,832 - __main__ - INFO - Weather in Oxford: 11.43
2024-03-15 10:14:45,068 - __main__ - INFO - Endpoint not defined
2024-03-15 10:14:45,420 - __main__ - INFO - Weather in Oxford: 12.64
2024-03-16 10:15:50,203 - __main__ - INFO - Endpoint not defined
2024-03-16 10:15:50,665 - __main__ - INFO - Weather in Oxford: 9.99
2024-03-17 10:14:07,058 - __main__ - INFO - Endpoint not defined
2024-03-17 10:14:07,681 - __main__ - INFO - Weather in Oxford: 11.81
2024-03-18 10:16:17,148 - __main__ - INFO - Endpoint not defined
2024-03-18 10:16:17,752 - __main__ - INFO - Weather in Oxford: 12.11
2024-03-19 10:15:16,283 - __main__ - INFO - Endpoint not defined
2024-03-19 10:15:17,089 - __main__ - INFO - Weather in Oxford: 11.94
2024-03-20 10:15:10,165 - __main__ - INFO - Endpoint not defined
2024-03-20 10:15:11,007 - __main__ - INFO - Weather in Oxford: 12.53
2024-03-21 10:14:42,935 - __main__ - INFO - Endpoint not defined
2024-03-21 10:14:43,623 - __main__ - INFO - Weather in Oxford: 11.17
2024-03-22 10:16:08,633 - __main__ - INFO - Endpoint not defined
2024-03-22 10:16:09,274 - __main__ - INFO - Weather in Oxford: 10.31
2024-03-23 10:14:43,773 - __main__ - INFO - Endpoint not defined
2024-03-23 10:14:44,480 - __main__ - INFO - Weather in Oxford: 8.11
2024-03-24 10:14:38,332 - __main__ - INFO - Endpoint not defined
2024-03-24 10:14:39,152 - __main__ - INFO - Weather in Oxford: 9.68
2024-03-25 10:15:51,209 - __main__ - INFO - Endpoint not defined
2024-03-25 10:15:51,688 - __main__ - INFO - Weather in Oxford: 7.83
2024-03-26 10:16:24,488 - __main__ - INFO - Endpoint not defined
2024-03-26 10:16:24,741 - __main__ - INFO - Weather in Oxford: 11.36
2024-03-27 10:16:02,958 - __main__ - INFO - Endpoint not defined
2024-03-27 10:16:03,420 - __main__ - INFO - Weather in Oxford: 9.73
2024-03-28 10:15:34,568 - __main__ - INFO - Endpoint not defined
2024-03-28 10:15:35,204 - __main__ - INFO - Weather in Oxford: 8.39
2024-03-29 10:15:56,086 - __main__ - INFO - Endpoint not defined
2024-03-29 10:15:56,796 - __main__ - INFO - Weather in Oxford: 10.34
2024-03-30 10:14:48,150 - __main__ - INFO - Endpoint not defined
2024-03-30 10:14:49,188 - __main__ - INFO - Weather in Oxford: 11.38
2024-03-31 10:14:58,054 - __main__ - INFO - Endpoint not defined
2024-03-31 10:14:58,723 - __main__ - INFO - Weather in Oxford: 10.09
2024-04-01 10:16:38,387 - __main__ - INFO - Endpoint not defined
2024-04-01 10:16:38,845 - __main__ - INFO - Weather in Oxford: 11.27
2024-04-02 10:16:45,696 - __main__ - INFO - Endpoint not defined
2024-04-02 10:16:46,055 - __main__ - INFO - Weather in Oxford: 11.75
2024-04-03 10:16:29,730 - __main__ - INFO - Endpoint not defined
2024-04-03 10:16:30,426 - __main__ - INFO - Weather in Oxford: 11.2
2024-04-04 10:15:37,061 - __main__ - INFO - Endpoint not defined
2024-04-04 10:15:37,642 - __main__ - INFO - Weather in Oxford: 12.35
2024-04-05 10:16:37,545 - __main__ - INFO - Endpoint not defined
2024-04-05 10:16:38,657 - __main__ - INFO - Weather in Oxford: 14.26
2024-04-06 10:15:12,468 - __main__ - INFO - Endpoint not defined
2024-04-06 10:15:13,083 - __main__ - INFO - Weather in Oxford: 17.05
2024-04-07 10:14:02,375 - __main__ - INFO - Endpoint not defined
2024-04-07 10:14:03,074 - __main__ - INFO - Weather in Oxford: 13.32
2024-04-08 10:18:17,191 - __main__ - INFO - Endpoint not defined
2024-04-08 10:18:17,879 - __main__ - INFO - Weather in Oxford: 12.7
2024-04-09 10:18:21,067 - __main__ - INFO - Endpoint not defined
2024-04-09 10:18:21,825 - __main__ - INFO - Weather in Oxford: 8.07
2024-04-10 10:17:20,799 - __main__ - INFO - Endpoint not defined
2024-04-10 10:17:21,594 - __main__ - INFO - Weather in Oxford: 10.99
2024-04-11 10:16:28,406 - __main__ - INFO - Endpoint not defined
2024-04-11 10:16:29,097 - __main__ - INFO - Weather in Oxford: 14.82
2024-04-12 10:16:03,412 - __main__ - INFO - Endpoint not defined
2024-04-12 10:16:04,224 - __main__ - INFO - Weather in Oxford: 14.68
2024-04-13 10:12:23,483 - __main__ - INFO - Endpoint not defined
2024-04-13 10:12:24,061 - __main__ - INFO - Weather in Oxford: 15.69
2024-04-14 14:11:32,759 - __main__ - INFO - Endpoint not defined
2024-04-14 14:11:33,248 - __main__ - INFO - Weather in Oxford: 13.32
2024-04-15 10:14:12,569 - __main__ - INFO - Endpoint not defined
2024-04-15 10:14:13,051 - __main__ - INFO - Weather in Oxford: 9.59
2024-04-16 10:15:47,557 - __main__ - INFO - Endpoint not defined
2024-04-16 10:15:48,033 - __main__ - INFO - Weather in Oxford: 10.92
2024-04-17 10:16:27,396 - __main__ - INFO - Endpoint not defined
2024-04-17 10:16:27,997 - __main__ - INFO - Weather in Oxford: 8.66
2024-04-18 10:17:58,094 - __main__ - INFO - Endpoint not defined
2024-04-18 10:17:58,957 - __main__ - INFO - Weather in Oxford: 9.93
2024-04-19 10:16:24,814 - __main__ - INFO - Endpoint not defined
2024-04-19 10:16:25,426 - __main__ - INFO - Weather in Oxford: 11.63
2024-04-20 10:15:25,162 - __main__ - INFO - Endpoint not defined
2024-04-20 10:15:25,496 - __main__ - INFO - Weather in Oxford: 9.38
2024-04-21 10:14:20,305 - __main__ - INFO - Endpoint not defined
2024-04-21 10:14:20,833 - __main__ - INFO - Weather in Oxford: 8.89
2024-04-22 10:17:35,771 - __main__ - INFO - Endpoint not defined
2024-04-22 10:17:36,648 - __main__ - INFO - Weather in Oxford: 6.29
2024-04-23 10:15:41,074 - __main__ - INFO - Endpoint not defined
2024-04-23 10:15:41,777 - __main__ - INFO - Weather in Oxford: 9.21
2024-04-24 10:17:44,095 - __main__ - INFO - Endpoint not defined
2024-04-24 10:17:44,714 - __main__ - INFO - Weather in Oxford: 8.38
2024-04-25 10:15:17,942 - __main__ - INFO - Endpoint not defined
2024-04-25 10:15:18,675 - __main__ - INFO - Weather in Oxford: 9.39
2024-04-26 10:16:33,736 - __main__ - INFO - Endpoint not defined
2024-04-26 10:16:34,274 - __main__ - INFO - Weather in Oxford: 9.55
2024-04-27 10:16:17,000 - __main__ - INFO - Endpoint not defined
2024-04-27 10:16:17,818 - __main__ - INFO - Weather in Oxford: 6.28
2024-04-28 10:15:28,651 - __main__ - INFO - Endpoint not defined
2024-04-28 10:15:29,380 - __main__ - INFO - Weather in Oxford: 6.38
2024-04-29 10:16:44,176 - __main__ - INFO - Endpoint not defined
2024-04-29 10:16:44,694 - __main__ - INFO - Weather in Oxford: 13.07
2024-04-30 10:16:18,161 - __main__ - INFO - Endpoint not defined
2024-04-30 10:16:18,738 - __main__ - INFO - Weather in Oxford: 15.74
2024-05-01 10:18:01,412 - __main__ - INFO - Endpoint not defined
2024-05-01 10:18:02,445 - __main__ - INFO - Weather in Oxford: 15.01
2024-05-02 10:16:33,458 - __main__ - INFO - Endpoint not defined
2024-05-02 10:16:33,947 - __main__ - INFO - Weather in Oxford: 11.67
2024-05-03 10:16:11,867 - __main__ - INFO - Endpoint not defined
2024-05-03 10:16:12,778 - __main__ - INFO - Weather in Oxford: 9.45
2024-05-04 10:14:29,496 - __main__ - INFO - Endpoint not defined
2024-05-04 10:14:29,964 - __main__ - INFO - Weather in Oxford: 13.47
2024-05-05 10:15:41,721 - __main__ - INFO - Endpoint not defined
2024-05-05 10:15:42,608 - __main__ - INFO - Weather in Oxford: 16.75
2024-05-06 10:16:14,433 - __main__ - INFO - Endpoint not defined
2024-05-06 10:16:15,040 - __main__ - INFO - Weather in Oxford: 14.53
2024-05-07 10:16:45,217 - __main__ - INFO - Endpoint not defined
2024-05-07 10:16:45,865 - __main__ - INFO - Weather in Oxford: 16.33
2024-05-08 10:17:21,850 - __main__ - INFO - Endpoint not defined
2024-05-08 10:17:22,384 - __main__ - INFO - Weather in Oxford: 17.55
2024-05-09 10:18:04,045 - __main__ - INFO - Endpoint not defined
2024-05-09 10:18:04,702 - __main__ - INFO - Weather in Oxford: 18.8
2024-05-10 10:16:41,495 - __main__ - INFO - Endpoint not defined
2024-05-10 10:16:41,852 - __main__ - INFO - Weather in Oxford: 20.59
2024-05-11 10:15:39,462 - __main__ - INFO - Endpoint not defined
2024-05-11 10:15:39,974 - __main__ - INFO - Weather in Oxford: 19.98
2024-05-12 10:14:48,410 - __main__ - INFO - Endpoint not defined
2024-05-12 10:14:49,052 - __main__ - INFO - Weather in Oxford: 21.28
2024-05-13 10:16:47,316 - __main__ - INFO - Endpoint not defined
2024-05-13 10:16:47,985 - __main__ - INFO - Weather in Oxford: 15.26
2024-05-14 10:18:29,294 - __main__ - INFO - Endpoint not defined
2024-05-14 10:18:29,763 - __main__ - INFO - Weather in Oxford: 14.45
2024-05-15 10:16:46,159 - __main__ - INFO - Endpoint not defined
2024-05-15 10:16:46,698 - __main__ - INFO - Weather in Oxford: 17.19
2024-05-16 10:16:21,249 - __main__ - INFO - Endpoint not defined
2024-05-16 10:16:22,049 - __main__ - INFO - Weather in Oxford: 15.95
2024-05-17 10:16:10,214 - __main__ - INFO - Endpoint not defined
2024-05-17 10:16:11,059 - __main__ - INFO - Weather in Oxford: 17.66
2024-05-18 10:14:51,436 - __main__ - INFO - Endpoint not defined
2024-05-18 10:14:52,008 - __main__ - INFO - Weather in Oxford: 16.34
2024-05-19 10:14:47,050 - __main__ - INFO - Endpoint not defined
2024-05-19 10:14:47,686 - __main__ - INFO - Weather in Oxford: 16.2
2024-05-20 10:17:37,814 - __main__ - INFO - Endpoint not defined
2024-05-20 10:17:38,613 - __main__ - INFO - Weather in Oxford: 14.97
2024-05-21 10:16:32,155 - __main__ - INFO - Endpoint not defined
2024-05-21 10:16:32,678 - __main__ - INFO - Weather in Oxford: 12.78
2024-05-22 10:16:52,570 - __main__ - INFO - Endpoint not defined
2024-05-22 10:16:53,614 - __main__ - INFO - Weather in Oxford: 13.28
2024-05-23 10:18:04,247 - __main__ - INFO - Endpoint not defined
2024-05-23 10:18:04,859 - __main__ - INFO - Weather in Oxford: 13.79
2024-05-24 10:17:34,695 - __main__ - INFO - Endpoint not defined
2024-05-24 10:17:35,151 - __main__ - INFO - Weather in Oxford: 14.53
2024-05-25 10:15:58,455 - __main__ - INFO - Endpoint not defined
2024-05-25 10:15:59,456 - __main__ - INFO - Weather in Oxford: 17.34
2024-05-26 10:17:14,616 - __main__ - INFO - Endpoint not defined
2024-05-26 10:17:15,111 - __main__ - INFO - Weather in Oxford: 17.01
2024-05-27 10:17:27,286 - __main__ - INFO - Endpoint not defined
2024-05-27 10:17:27,983 - __main__ - INFO - Weather in Oxford: 14.82
2024-05-28 10:17:03,477 - __main__ - INFO - Endpoint not defined
2024-05-28 10:17:04,273 - __main__ - INFO - Weather in Oxford: 15.21
2024-05-29 10:18:34,685 - __main__ - INFO - Endpoint not defined
2024-05-29 10:18:35,056 - __main__ - INFO - Weather in Oxford: 17.45
2024-05-30 10:17:26,021 - __main__ - INFO - Endpoint not defined
2024-05-30 10:17:26,595 - __main__ - INFO - Weather in Oxford: 13.71
2024-05-31 10:16:50,214 - __main__ - INFO - Endpoint not defined
2024-05-31 10:16:50,942 - __main__ - INFO - Weather in Oxford: 13.23
2024-06-01 10:17:00,250 - __main__ - INFO - Endpoint not defined
2024-06-01 10:17:00,760 - __main__ - INFO - Weather in Oxford: 13.67
2024-06-02 10:15:43,074 - __main__ - INFO - Endpoint not defined
2024-06-02 10:15:45,143 - __main__ - INFO - Weather in Oxford: 18.16
2024-06-03 10:20:15,138 - __main__ - INFO - Endpoint not defined
2024-06-03 10:20:15,764 - __main__ - INFO - Weather in Oxford: 17.24
2024-06-04 10:17:54,050 - __main__ - INFO - Endpoint not defined
2024-06-04 10:17:55,056 - __main__ - INFO - Weather in Oxford: 16.08
2024-06-05 10:17:06,276 - __main__ - INFO - Endpoint not defined
2024-06-05 10:17:06,635 - __main__ - INFO - Weather in Oxford: 14.21
2024-06-06 10:17:00,441 - __main__ - INFO - Endpoint not defined
2024-06-06 10:17:00,826 - __main__ - INFO - Weather in Oxford: 14.73
2024-06-07 10:17:16,852 - __main__ - INFO - Endpoint not defined
2024-06-07 10:17:17,163 - __main__ - INFO - Weather in Oxford: 16.84
2024-06-08 10:16:42,621 - __main__ - INFO - Endpoint not defined
2024-06-08 10:16:43,550 - __main__ - INFO - Weather in Oxford: 14.68
2024-06-09 10:15:57,413 - __main__ - INFO - Endpoint not defined
2024-06-09 10:15:58,111 - __main__ - INFO - Weather in Oxford: 14.89
2024-06-10 10:18:24,132 - __main__ - INFO - Endpoint not defined
2024-06-10 10:18:24,859 - __main__ - INFO - Weather in Oxford: 12.24
2024-06-11 10:18:11,567 - __main__ - INFO - Endpoint not defined
2024-06-11 10:18:12,170 - __main__ - INFO - Weather in Oxford: 13.68
2024-06-12 10:17:17,890 - __main__ - INFO - Endpoint not defined
2024-06-12 10:17:18,093 - __main__ - INFO - Weather in Oxford: 14.37
2024-06-13 10:16:47,749 - __main__ - INFO - Endpoint not defined
2024-06-13 10:16:48,584 - __main__ - INFO - Weather in Oxford: 14.73
2024-06-14 10:16:46,313 - __main__ - INFO - Endpoint not defined
2024-06-14 10:16:47,204 - __main__ - INFO - Weather in Oxford: 16.13
2024-06-15 10:17:32,356 - __main__ - INFO - Endpoint not defined
2024-06-15 10:17:33,170 - __main__ - INFO - Weather in Oxford: 13.93
2024-06-16 10:16:56,392 - __main__ - INFO - Endpoint not defined
2024-06-16 10:16:57,092 - __main__ - INFO - Weather in Oxford: 16.63
2024-06-17 10:18:55,606 - __main__ - INFO - Endpoint not defined
2024-06-17 10:18:56,268 - __main__ - INFO - Weather in Oxford: 17.87
2024-06-18 10:17:31,283 - __main__ - INFO - Endpoint not defined
2024-06-18 10:17:31,634 - __main__ - INFO - Weather in Oxford: 18.2
2024-06-19 10:18:11,395 - __main__ - INFO - Endpoint not defined
2024-06-19 10:18:12,315 - __main__ - INFO - Weather in Oxford: 16.01
2024-06-20 10:17:18,170 - __main__ - INFO - Endpoint not defined
2024-06-20 10:17:18,925 - __main__ - INFO - Weather in Oxford: 19.08
2024-06-21 10:17:58,250 - __main__ - INFO - Endpoint not defined
2024-06-21 10:17:58,986 - __main__ - INFO - Weather in Oxford: 20.95
2024-06-22 10:17:09,306 - __main__ - INFO - Endpoint not defined
2024-06-22 10:17:10,012 - __main__ - INFO - Weather in Oxford: 17.64
2024-06-23 10:17:29,178 - __main__ - INFO - Endpoint not defined
2024-06-23 10:17:29,555 - __main__ - INFO - Weather in Oxford: 20.21
2024-06-24 10:18:29,327 - __main__ - INFO - Endpoint not defined
2024-06-24 10:18:29,825 - __main__ - INFO - Weather in Oxford: 22.04
2024-06-25 10:17:28,412 - __main__ - INFO - Endpoint not defined
2024-06-25 10:17:28,765 - __main__ - INFO - Weather in Oxford: 25.02
2024-06-26 10:16:55,036 - __main__ - INFO - Endpoint not defined
2024-06-26 10:16:55,883 - __main__ - INFO - Weather in Oxford: 24.31
2024-06-27 10:19:09,002 - __main__ - INFO - Endpoint not defined
2024-06-27 10:19:09,489 - __main__ - INFO - Weather in Oxford: 19.05
2024-06-28 10:17:42,983 - __main__ - INFO - Endpoint not defined
2024-06-28 10:17:43,336 - __main__ - INFO - Weather in Oxford: 17.47
2024-06-29 10:15:51,347 - __main__ - INFO - Endpoint not defined
2024-06-29 10:15:51,831 - __main__ - INFO - Weather in Oxford: 18.32
2024-06-30 10:15:49,133 - __main__ - INFO - Endpoint not defined
2024-06-30 10:15:49,370 - __main__ - INFO - Weather in Oxford: 15.06
2024-07-01 10:20:06,003 - __main__ - INFO - Endpoint not defined
2024-07-01 10:20:06,539 - __main__ - INFO - Weather in Oxford: 17.26
2024-07-02 10:17:34,639 - __main__ - INFO - Endpoint not defined
2024-07-02 10:17:35,596 - __main__ - INFO - Weather in Oxford: 14.14
2024-07-03 10:18:04,574 - __main__ - INFO - Endpoint not defined
2024-07-03 10:18:05,128 - __main__ - INFO - Weather in Oxford: 13.4
2024-07-04 10:17:15,406 - __main__ - INFO - Endpoint not defined
2024-07-04 10:17:15,660 - __main__ - INFO - Weather in Oxford: 16.07
2024-07-05 10:17:47,612 - __main__ - INFO - Endpoint not defined
2024-07-05 10:17:48,188 - __main__ - INFO - Weather in Oxford: 15.4
2024-07-06 10:15:53,501 - __main__ - INFO - Endpoint not defined
2024-07-06 10:15:54,084 - __main__ - INFO - Weather in Oxford: 10.85
2024-07-07 10:15:28,074 - __main__ - INFO - Endpoint not defined
2024-07-07 10:15:28,607 - __main__ - INFO - Weather in Oxford: 15.04
2024-07-08 10:18:21,947 - __main__ - INFO - Endpoint not defined
2024-07-08 10:18:22,769 - __main__ - INFO - Weather in Oxford: 17.29
2024-07-09 10:17:36,212 - __main__ - INFO - Endpoint not defined
2024-07-09 10:17:36,784 - __main__ - INFO - Weather in Oxford: 19.0
2024-07-10 10:18:43,375 - __main__ - INFO - Endpoint not defined
2024-07-10 10:18:44,241 - __main__ - INFO - Weather in Oxford: 16.61
2024-07-11 10:16:53,602 - __main__ - INFO - Endpoint not defined
2024-07-11 10:16:54,226 - __main__ - INFO - Weather in Oxford: 19.36
2024-07-12 10:17:38,097 - __main__ - INFO - Endpoint not defined
2024-07-12 10:17:38,908 - __main__ - INFO - Weather in Oxford: 15.48
2024-07-13 10:16:03,248 - __main__ - INFO - Endpoint not defined
2024-07-13 10:16:03,594 - __main__ - INFO - Weather in Oxford: 16.1
2024-07-14 10:18:34,419 - __main__ - INFO - Endpoint not defined
2024-07-14 10:18:35,204 - __main__ - INFO - Weather in Oxford: 18.83
2024-07-15 10:18:11,696 - __main__ - INFO - Endpoint not defined
2024-07-15 10:18:12,221 - __main__ - INFO - Weather in Oxford: 17.46
2024-07-16 10:15:08,127 - __main__ - INFO - Endpoint not defined
2024-07-16 10:15:08,933 - __main__ - INFO - Weather in Oxford: 16.65
2024-07-17 10:18:16,810 - __main__ - INFO - Endpoint not defined
2024-07-17 10:18:17,774 - __main__ - INFO - Weather in Oxford: 20.02
2024-07-18 10:17:38,327 - __main__ - INFO - Endpoint not defined
2024-07-18 10:17:39,031 - __main__ - INFO - Weather in Oxford: 22.43
2024-07-19 10:17:11,197 - __main__ - INFO - Endpoint not defined
2024-07-19 10:17:12,095 - __main__ - INFO - Weather in Oxford: 25.84
2024-07-20 10:16:40,188 - __main__ - INFO - Endpoint not defined
2024-07-20 10:16:40,793 - __main__ - INFO - Weather in Oxford: 20.04
2024-07-21 10:16:56,642 - __main__ - INFO - Endpoint not defined
2024-07-21 10:16:56,998 - __main__ - INFO - Weather in Oxford: 18.78
2024-07-22 10:18:03,308 - __main__ - INFO - Endpoint not defined
2024-07-22 10:18:03,815 - __main__ - INFO - Weather in Oxford: 19.86
2024-07-23 10:17:15,299 - __main__ - INFO - Endpoint not defined
2024-07-23 10:17:15,759 - __main__ - INFO - Weather in Oxford: 18.5
2024-07-24 10:19:31,548 - __main__ - INFO - Endpoint not defined
2024-07-24 10:19:32,170 - __main__ - INFO - Weather in Oxford: 21.22
2024-07-25 10:18:04,520 - __main__ - INFO - Endpoint not defined
2024-07-25 10:18:05,005 - __main__ - INFO - Weather in Oxford: 18.57
2024-07-26 10:18:12,064 - __main__ - INFO - Endpoint not defined
2024-07-26 10:18:12,556 - __main__ - INFO - Weather in Oxford: 19.68
2024-07-27 10:16:42,908 - __main__ - INFO - Endpoint not defined
2024-07-27 10:16:43,405 - __main__ - INFO - Weather in Oxford: 19.79
2024-07-28 10:16:09,061 - __main__ - INFO - Endpoint not defined
2024-07-28 10:16:09,507 - __main__ - INFO - Weather in Oxford: 21.86
2024-07-29 10:19:12,702 - __main__ - INFO - Endpoint not defined
2024-07-29 10:19:13,208 - __main__ - INFO - Weather in Oxford: 24.97
2024-07-30 10:18:30,590 - __main__ - INFO - Endpoint not defined
2024-07-30 10:18:30,944 - __main__ - INFO - Weather in Oxford: 25.0
2024-07-31 10:13:51,060 - __main__ - INFO - Endpoint not defined
2024-07-31 10:13:51,228 - __main__ - INFO - Weather in Oxford: 25.21
2024-08-01 10:18:48,013 - __main__ - INFO - Endpoint not defined
2024-08-01 10:18:48,756 - __main__ - INFO - Weather in Oxford: 24.56
2024-08-02 10:17:50,520 - __main__ - INFO - Endpoint not defined
2024-08-02 10:17:51,203 - __main__ - INFO - Weather in Oxford: 22.83
2024-08-03 10:16:32,267 - __main__ - INFO - Endpoint not defined
2024-08-03 10:16:32,706 - __main__ - INFO - Weather in Oxford: 21.26
2024-08-04 10:16:15,556 - __main__ - INFO - Endpoint not defined
2024-08-04 10:16:15,715 - __main__ - INFO - Weather in Oxford: 18.89
2024-08-05 10:17:59,351 - __main__ - INFO - Endpoint not defined
2024-08-05 10:18:00,353 - __main__ - INFO - Weather in Oxford: 20.59
2024-08-06 10:18:39,397 - __main__ - INFO - Endpoint not defined
2024-08-06 10:18:40,208 - __main__ - INFO - Weather in Oxford: 17.53
2024-08-07 10:17:54,049 - __main__ - INFO - Endpoint not defined
2024-08-07 10:17:54,424 - __main__ - INFO - Weather in Oxford: 19.1
2024-08-08 10:17:30,170 - __main__ - INFO - Endpoint not defined
2024-08-08 10:17:30,497 - __main__ - INFO - Weather in Oxford: 18.21
2024-08-09 10:18:05,210 - __main__ - INFO - Endpoint not defined
2024-08-09 10:18:05,424 - __main__ - INFO - Weather in Oxford: 20.98
2024-08-10 10:18:07,468 - __main__ - INFO - Endpoint not defined
2024-08-10 10:18:07,643 - __main__ - INFO - Weather in Oxford: 18.81
2024-08-11 10:16:48,080 - __main__ - INFO - Endpoint not defined
2024-08-11 10:16:49,105 - __main__ - INFO - Weather in Oxford: 23.37
2024-08-12 10:18:40,924 - __main__ - INFO - Endpoint not defined
2024-08-12 10:18:41,392 - __main__ - INFO - Weather in Oxford: 27.7
2024-08-13 10:18:49,601 - __main__ - INFO - Endpoint not defined
2024-08-13 10:18:50,165 - __main__ - INFO - Weather in Oxford: 21.68
2024-08-20 10:18:02,374 - __main__ - INFO - Endpoint not defined
2024-08-20 10:18:03,618 - __main__ - INFO - Weather in Oxford: 20.34
2024-08-21 10:17:57,038 - __main__ - INFO - Endpoint not defined
2024-08-21 10:17:57,807 - __main__ - INFO - Weather in Oxford: 18.67
2024-08-22 10:19:14,917 - __main__ - INFO - Endpoint not defined
2024-08-22 10:19:15,755 - __main__ - INFO - Weather in Oxford: 16.79
2024-08-23 10:17:48,775 - __main__ - INFO - Endpoint not defined
2024-08-23 10:17:49,102 - __main__ - INFO - Weather in Oxford: 19.24
2024-08-24 10:16:37,708 - __main__ - INFO - Endpoint not defined
2024-08-24 10:16:37,921 - __main__ - INFO - Weather in Oxford: 14.44
2024-08-25 10:17:14,217 - __main__ - INFO - Endpoint not defined
2024-08-25 10:17:15,144 - __main__ - INFO - Weather in Oxford: 17.57
2024-08-26 10:18:45,780 - __main__ - INFO - Endpoint not defined
2024-08-26 10:18:46,345 - __main__ - INFO - Weather in Oxford: 18.85
2024-08-27 10:17:48,483 - __main__ - INFO - Endpoint not defined
2024-08-27 10:17:48,691 - __main__ - INFO - Weather in Oxford: 20.05
2024-08-28 10:17:51,954 - __main__ - INFO - Endpoint not defined
2024-08-28 10:17:52,122 - __main__ - INFO - Weather in Oxford: 21.59
2024-08-29 10:18:52,154 - __main__ - INFO - Endpoint not defined
2024-08-29 10:18:52,381 - __main__ - INFO - Weather in Oxford: 19.82
2024-08-30 10:18:30,048 - __main__ - INFO - Endpoint not defined
2024-08-30 10:18:30,729 - __main__ - INFO - Weather in Oxford: 19.2
2024-08-31 10:16:41,767 - __main__ - INFO - Endpoint not defined
2024-08-31 10:16:42,476 - __main__ - INFO - Weather in Oxford: 16.79
2024-09-01 10:16:57,924 - __main__ - INFO - Endpoint not defined
2024-09-01 10:16:58,394 - __main__ - INFO - Weather in Oxford: 20.53
2024-09-02 10:18:57,520 - __main__ - INFO - Endpoint not defined
2024-09-02 10:18:58,216 - __main__ - INFO - Weather in Oxford: 19.61
2024-09-03 10:18:39,549 - __main__ - INFO - Endpoint not defined
2024-09-03 10:18:40,492 - __main__ - INFO - Weather in Oxford: 16.96
2024-09-04 10:18:42,246 - __main__ - INFO - Endpoint not defined
2024-09-04 10:18:42,610 - __main__ - INFO - Weather in Oxford: 17.11
2024-09-05 10:19:12,137 - __main__ - INFO - Endpoint not defined
2024-09-05 10:19:12,817 - __main__ - INFO - Weather in Oxford: 15.34
2024-09-06 10:18:57,222 - __main__ - INFO - Endpoint not defined
2024-09-06 10:18:58,122 - __main__ - INFO - Weather in Oxford: 17.63
2024-09-07 10:17:24,776 - __main__ - INFO - Endpoint not defined
2024-09-07 10:17:25,823 - __main__ - INFO - Weather in Oxford: 17.62
2024-09-08 10:17:41,052 - __main__ - INFO - Endpoint not defined
2024-09-08 10:17:42,027 - __main__ - INFO - Weather in Oxford: 16.96
2024-09-09 10:19:50,440 - __main__ - INFO - Endpoint not defined
2024-09-09 10:19:50,809 - __main__ - INFO - Weather in Oxford: 14.51
2024-09-10 10:18:52,489 - __main__ - INFO - Endpoint not defined
2024-09-10 10:18:53,311 - __main__ - INFO - Weather in Oxford: 15.46
2024-09-11 10:18:34,391 - __main__ - INFO - Endpoint not defined
2024-09-11 10:18:34,601 - __main__ - INFO - Weather in Oxford: 12.51
2024-09-12 10:19:23,940 - __main__ - INFO - Endpoint not defined
2024-09-12 10:19:24,400 - __main__ - INFO - Weather in Oxford: 13.02
2024-09-13 10:18:54,441 - __main__ - INFO - Endpoint not defined
2024-09-13 10:18:55,022 - __main__ - INFO - Weather in Oxford: 14.13
2024-09-14 10:17:14,971 - __main__ - INFO - Endpoint not defined
2024-09-14 10:17:15,493 - __main__ - INFO - Weather in Oxford: 16.18
2024-09-15 10:17:38,787 - __main__ - INFO - Endpoint not defined
2024-09-15 10:17:39,671 - __main__ - INFO - Weather in Oxford: 16.95
2024-09-16 10:20:16,216 - __main__ - INFO - Endpoint not defined
2024-09-16 10:20:16,721 - __main__ - INFO - Weather in Oxford: 16.51
2024-09-17 10:19:07,969 - __main__ - INFO - Endpoint not defined
2024-09-17 10:19:08,797 - __main__ - INFO - Weather in Oxford: 16.5
2024-09-18 10:19:16,618 - __main__ - INFO - Endpoint not defined
2024-09-18 10:19:16,955 - __main__ - INFO - Weather in Oxford: 17.05
2024-09-19 10:19:28,683 - __main__ - INFO - Endpoint not defined
2024-09-19 10:19:29,454 - __main__ - INFO - Weather in Oxford: 17.43
2024-09-20 10:19:27,868 - __main__ - INFO - Endpoint not defined
2024-09-20 10:19:28,065 - __main__ - INFO - Weather in Oxford: 16.82
2024-09-21 10:17:17,870 - __main__ - INFO - Endpoint not defined
2024-09-21 10:17:18,974 - __main__ - INFO - Weather in Oxford: 17.26
2024-09-22 10:17:51,680 - __main__ - INFO - Endpoint not defined
2024-09-22 10:17:52,357 - __main__ - INFO - Weather in Oxford: 16.09
2024-09-23 10:21:07,929 - __main__ - INFO - Endpoint not defined
2024-09-23 10:21:08,542 - __main__ - INFO - Weather in Oxford: 14.0
2024-09-24 10:20:45,713 - __main__ - INFO - Endpoint not defined
2024-09-24 10:20:46,227 - __main__ - INFO - Weather in Oxford: 12.92
2024-09-25 10:21:00,057 - __main__ - INFO - Endpoint not defined
2024-09-25 10:21:00,438 - __main__ - INFO - Weather in Oxford: 11.16
2024-09-26 10:19:50,966 - __main__ - INFO - Endpoint not defined
2024-09-26 10:19:51,749 - __main__ - INFO - Weather in Oxford: 16.24
2024-09-27 10:19:49,881 - __main__ - INFO - Endpoint not defined
2024-09-27 10:19:50,642 - __main__ - INFO - Weather in Oxford: 9.63
2024-09-28 10:17:26,761 - __main__ - INFO - Endpoint not defined
2024-09-28 10:17:27,519 - __main__ - INFO - Weather in Oxford: 12.67
2024-09-29 10:17:43,613 - __main__ - INFO - Endpoint not defined
2024-09-29 10:17:44,135 - __main__ - INFO - Weather in Oxford: 11.33
2024-09-30 10:21:18,283 - __main__ - INFO - Endpoint not defined
2024-09-30 10:21:19,079 - __main__ - INFO - Weather in Oxford: 15.53
2024-10-01 10:21:16,820 - __main__ - INFO - Endpoint not defined
2024-10-01 10:21:17,443 - __main__ - INFO - Weather in Oxford: 11.35
2024-10-02 10:19:31,313 - __main__ - INFO - Endpoint not defined
2024-10-02 10:19:32,053 - __main__ - INFO - Weather in Oxford: 13.52
2024-10-03 10:19:43,722 - __main__ - INFO - Endpoint not defined
2024-10-03 10:19:44,499 - __main__ - INFO - Weather in Oxford: 14.0
2024-10-04 10:20:29,258 - __main__ - INFO - Endpoint not defined
2024-10-04 10:20:29,979 - __main__ - INFO - Weather in Oxford: 14.18
2024-10-05 10:17:45,835 - __main__ - INFO - Endpoint not defined
2024-10-05 10:17:46,728 - __main__ - INFO - Weather in Oxford: 14.78
2024-10-06 10:18:09,056 - __main__ - INFO - Endpoint not defined
2024-10-06 10:18:09,871 - __main__ - INFO - Weather in Oxford: 13.35
2024-10-07 10:20:55,964 - __main__ - INFO - Endpoint not defined
2024-10-07 10:20:56,328 - __main__ - INFO - Weather in Oxford: 15.07
2024-10-08 10:19:38,099 - __main__ - INFO - Endpoint not defined
2024-10-08 10:19:39,205 - __main__ - INFO - Weather in Oxford: 13.69
2024-10-09 10:20:12,358 - __main__ - INFO - Endpoint not defined
2024-10-09 10:20:12,719 - __main__ - INFO - Weather in Oxford: 13.07
2024-10-10 10:19:38,773 - __main__ - INFO - Endpoint not defined
2024-10-10 10:19:39,140 - __main__ - INFO - Weather in Oxford: 8.53
2024-10-11 10:19:09,180 - __main__ - INFO - Endpoint not defined
2024-10-11 10:19:09,608 - __main__ - INFO - Weather in Oxford: 10.45
2024-10-12 10:17:31,223 - __main__ - INFO - Endpoint not defined
2024-10-12 10:17:31,644 - __main__ - INFO - Weather in Oxford: 10.99
2024-10-13 10:17:50,009 - __main__ - INFO - Endpoint not defined
2024-10-13 10:17:50,216 - __main__ - INFO - Weather in Oxford: 9.8
2024-10-14 10:20:48,992 - __main__ - INFO - Endpoint not defined
2024-10-14 10:20:49,413 - __main__ - INFO - Weather in Oxford: 9.44
2024-10-15 10:21:19,024 - __main__ - INFO - Endpoint not defined
2024-10-15 10:21:19,798 - __main__ - INFO - Weather in Oxford: 12.7
2024-10-16 10:19:34,413 - __main__ - INFO - Endpoint not defined
2024-10-16 10:19:35,409 - __main__ - INFO - Weather in Oxford: 15.72
2024-10-17 10:19:32,747 - __main__ - INFO - Endpoint not defined
2024-10-17 10:19:33,550 - __main__ - INFO - Weather in Oxford: 15.11
2024-10-18 10:20:38,573 - __main__ - INFO - Endpoint not defined
2024-10-18 10:20:39,230 - __main__ - INFO - Weather in Oxford: 11.67
2024-10-19 10:18:04,628 - __main__ - INFO - Endpoint not defined
2024-10-19 10:18:04,857 - __main__ - INFO - Weather in Oxford: 13.81
2024-10-20 10:19:05,052 - __main__ - INFO - Endpoint not defined
2024-10-20 10:19:05,992 - __main__ - INFO - Weather in Oxford: 14.17
2024-10-21 10:22:23,231 - __main__ - INFO - Endpoint not defined
2024-10-21 10:22:23,542 - __main__ - INFO - Weather in Oxford: 12.42
2024-10-22 10:19:48,550 - __main__ - INFO - Endpoint not defined
2024-10-22 10:19:49,374 - __main__ - INFO - Weather in Oxford: 12.57
2024-10-23 10:19:35,697 - __main__ - INFO - Endpoint not defined
2024-10-23 10:19:36,311 - __main__ - INFO - Weather in Oxford: 13.33
2024-10-24 10:19:46,977 - __main__ - INFO - Endpoint not defined
2024-10-24 10:19:47,351 - __main__ - INFO - Weather in Oxford: 13.87
2024-10-25 10:20:10,263 - __main__ - INFO - Endpoint not defined
2024-10-25 10:20:11,089 - __main__ - INFO - Weather in Oxford: 15.07
2024-10-26 10:19:57,887 - __main__ - INFO - Endpoint not defined
2024-10-26 10:19:58,233 - __main__ - INFO - Weather in Oxford: 12.51
2024-10-27 10:18:14,166 - __main__ - INFO - Endpoint not defined
2024-10-27 10:18:14,652 - __main__ - INFO - Weather in Oxford: 12.64
2024-10-28 10:21:09,193 - __main__ - INFO - Endpoint not defined
2024-10-28 10:21:09,563 - __main__ - INFO - Weather in Oxford: 13.72
2024-10-29 10:20:37,947 - __main__ - INFO - Endpoint not defined
2024-10-29 10:20:38,476 - __main__ - INFO - Weather in Oxford: 14.39
2024-10-30 10:20:55,246 - __main__ - INFO - Endpoint not defined
2024-10-30 10:20:55,407 - __main__ - INFO - Weather in Oxford: 11.18
2024-10-31 10:19:58,648 - __main__ - INFO - Endpoint not defined
2024-10-31 10:19:59,438 - __main__ - INFO - Weather in Oxford: 8.98
2024-11-01 10:20:31,949 - __main__ - INFO - Endpoint not defined
2024-11-01 10:20:32,801 - __main__ - INFO - Weather in Oxford: 10.34
2024-11-02 10:18:02,174 - __main__ - INFO - Endpoint not defined
2024-11-02 10:18:02,706 - __main__ - INFO - Weather in Oxford: 11.62
2024-11-03 10:20:36,127 - __main__ - INFO - Endpoint not defined
2024-11-03 10:20:36,785 - __main__ - INFO - Weather in Oxford: 11.35
2024-11-04 10:21:11,388 - __main__ - INFO - Endpoint not defined
2024-11-04 10:21:11,676 - __main__ - INFO - Weather in Oxford: 10.07
2024-11-05 10:20:55,195 - __main__ - INFO - Endpoint not defined
2024-11-05 10:20:55,701 - __main__ - INFO - Weather in Oxford: 9.44
2024-11-06 10:19:37,578 - __main__ - INFO - Endpoint not defined
2024-11-06 10:19:37,967 - __main__ - INFO - Weather in Oxford: 10.07
2024-11-07 10:19:06,663 - __main__ - INFO - Endpoint not defined
2024-11-07 10:19:07,247 - __main__ - INFO - Weather in Oxford: 10.26
2024-11-08 10:19:06,202 - __main__ - INFO - Endpoint not defined
2024-11-08 10:19:06,411 - __main__ - INFO - Weather in Oxford: 8.54
2024-11-09 10:17:05,144 - __main__ - INFO - Endpoint not defined
2024-11-09 10:17:05,568 - __main__ - INFO - Weather in Oxford: 7.43
2024-11-10 10:17:34,336 - __main__ - INFO - Endpoint not defined
2024-11-10 10:17:34,463 - __main__ - INFO - Weather in Oxford: 8.52
2024-11-11 10:20:14,269 - __main__ - INFO - Endpoint not defined
2024-11-11 10:20:15,026 - __main__ - INFO - Weather in Oxford: 10.41
2024-11-12 10:19:30,762 - __main__ - INFO - Endpoint not defined
2024-11-12 10:19:31,305 - __main__ - INFO - Weather in Oxford: 8.79
2024-11-13 10:19:38,764 - __main__ - INFO - Endpoint not defined
2024-11-13 10:19:39,441 - __main__ - INFO - Weather in Oxford: 7.26
2024-11-14 10:20:17,578 - __main__ - INFO - Endpoint not defined
2024-11-14 10:20:18,127 - __main__ - INFO - Weather in Oxford: 10.46
2024-11-15 10:20:58,128 - __main__ - INFO - Endpoint not defined
2024-11-15 10:20:58,802 - __main__ - INFO - Weather in Oxford: 7.68
2024-11-16 10:18:40,190 - __main__ - INFO - Endpoint not defined
2024-11-16 10:18:40,635 - __main__ - INFO - Weather in Oxford: 9.14
2024-11-17 10:19:07,685 - __main__ - INFO - Endpoint not defined
2024-11-17 10:19:08,409 - __main__ - INFO - Weather in Oxford: 8.25
2024-11-18 10:21:55,528 - __main__ - INFO - Endpoint not defined
2024-11-18 10:21:59,733 - __main__ - INFO - Weather in Oxford: 6.6
2024-11-19 10:21:00,325 - __main__ - INFO - Endpoint not defined
2024-11-19 10:21:00,832 - __main__ - INFO - Weather in Oxford: 0.88
2024-11-20 10:20:42,199 - __main__ - INFO - Endpoint not defined
2024-11-20 10:20:42,678 - __main__ - INFO - Weather in Oxford: 1.16
2024-11-21 10:20:54,526 - __main__ - INFO - Endpoint not defined
2024-11-21 10:20:54,941 - __main__ - INFO - Weather in Oxford: 0.26
2024-11-22 10:20:37,493 - __main__ - INFO - Endpoint not defined
2024-11-22 10:20:37,805 - __main__ - INFO - Weather in Oxford: 5.24
2024-11-23 10:18:37,435 - __main__ - INFO - Endpoint not defined
2024-11-23 10:18:37,910 - __main__ - INFO - Weather in Oxford: 8.95
2024-11-24 10:18:27,003 - __main__ - INFO - Endpoint not defined
2024-11-24 10:18:27,141 - __main__ - INFO - Weather in Oxford: 16.05
2024-11-25 10:21:40,435 - __main__ - INFO - Endpoint not defined
2024-11-25 10:21:40,956 - __main__ - INFO - Weather in Oxford: 10.24
2024-11-26 10:21:26,106 - __main__ - INFO - Endpoint not defined
2024-11-26 10:21:26,444 - __main__ - INFO - Weather in Oxford: 6.6
2024-11-27 10:21:21,850 - __main__ - INFO - Endpoint not defined
2024-11-27 10:21:22,411 - __main__ - INFO - Weather in Oxford: 4.17
2024-11-28 10:21:53,069 - __main__ - INFO - Endpoint not defined
2024-11-28 10:21:53,418 - __main__ - INFO - Weather in Oxford: -0.95
2024-11-29 10:21:13,002 - __main__ - INFO - Endpoint not defined
2024-11-29 10:21:13,451 - __main__ - INFO - Weather in Oxford: 7.61
2024-11-30 10:18:57,641 - __main__ - INFO - Endpoint not defined
2024-11-30 10:18:58,642 - __main__ - INFO - Weather in Oxford: 12.57
2024-12-01 10:19:48,264 - __main__ - INFO - Endpoint not defined
2024-12-01 10:19:48,616 - __main__ - INFO - Weather in Oxford: 12.15
2024-12-02 10:22:36,664 - __main__ - INFO - Endpoint not defined
2024-12-02 10:22:37,477 - __main__ - INFO - Weather in Oxford: 8.43
2024-12-03 10:22:42,463 - __main__ - INFO - Endpoint not defined
2024-12-03 10:22:42,908 - __main__ - INFO - Weather in Oxford: 4.16
2024-12-04 10:21:49,651 - __main__ - INFO - Endpoint not defined
2024-12-04 10:21:50,201 - __main__ - INFO - Weather in Oxford: 6.6
2024-12-05 10:21:49,746 - __main__ - INFO - Endpoint not defined
2024-12-05 10:21:50,043 - __main__ - INFO - Weather in Oxford: 12.9
2024-12-06 10:21:30,678 - __main__ - INFO - Endpoint not defined
2024-12-06 10:21:31,366 - __main__ - INFO - Weather in Oxford: 6.52
2024-12-07 10:20:30,870 - __main__ - INFO - Endpoint not defined
2024-12-07 10:20:31,219 - __main__ - INFO - Weather in Oxford: 6.78
2024-12-08 10:19:10,706 - __main__ - INFO - Endpoint not defined
2024-12-08 10:19:11,571 - __main__ - INFO - Weather in Oxford: 6.54
2024-12-09 10:22:42,562 - __main__ - INFO - Endpoint not defined
2024-12-09 10:22:43,398 - __main__ - INFO - Weather in Oxford: 5.99
2024-12-10 10:22:12,250 - __main__ - INFO - Endpoint not defined
2024-12-10 10:22:12,405 - __main__ - INFO - Weather in Oxford: 6.16
2024-12-11 10:21:49,019 - __main__ - INFO - Endpoint not defined
2024-12-11 10:21:49,679 - __main__ - INFO - Weather in Oxford: 5.72
2024-12-12 10:21:50,966 - __main__ - INFO - Endpoint not defined
2024-12-12 10:21:51,718 - __main__ - INFO - Weather in Oxford: 5.07
2024-12-13 10:21:43,884 - __main__ - INFO - Endpoint not defined
2024-12-13 10:21:44,023 - __main__ - INFO - Weather in Oxford: 5.9
2024-12-14 10:18:53,751 - __main__ - INFO - Endpoint not defined
2024-12-14 10:18:54,238 - __main__ - INFO - Weather in Oxford: 5.72
2024-12-15 10:19:52,697 - __main__ - INFO - Endpoint not defined
2024-12-15 10:19:53,156 - __main__ - INFO - Weather in Oxford: 9.61
2024-12-16 10:22:35,269 - __main__ - INFO - Endpoint not defined
2024-12-16 10:22:35,459 - __main__ - INFO - Weather in Oxford: 9.88
2024-12-17 10:21:37,236 - __main__ - INFO - Endpoint not defined
2024-12-17 10:21:37,636 - __main__ - INFO - Weather in Oxford: 9.2
2024-12-18 10:20:55,910 - __main__ - INFO - Endpoint not defined
2024-12-18 10:20:56,045 - __main__ - INFO - Weather in Oxford: 12.89
2024-12-19 10:20:51,029 - __main__ - INFO - Endpoint not defined
2024-12-19 10:20:51,864 - __main__ - INFO - Weather in Oxford: 4.78
2024-12-20 10:19:20,270 - __main__ - INFO - Endpoint not defined
2024-12-20 10:19:20,468 - __main__ - INFO - Weather in Oxford: 4.63
2024-12-21 10:17:24,137 - __main__ - INFO - Endpoint not defined
2024-12-21 10:17:24,512 - __main__ - INFO - Weather in Oxford: 9.4
2024-12-22 10:17:28,070 - __main__ - INFO - Endpoint not defined
2024-12-22 10:17:28,206 - __main__ - INFO - Weather in Oxford: 4.15
2024-12-23 10:20:20,303 - __main__ - INFO - Endpoint not defined
2024-12-23 10:20:20,901 - __main__ - INFO - Weather in Oxford: 4.42
2024-12-24 10:19:08,580 - __main__ - INFO - Endpoint not defined
2024-12-24 10:19:09,215 - __main__ - INFO - Weather in Oxford: 9.88
2024-12-25 10:18:40,041 - __main__ - INFO - Endpoint not defined
2024-12-25 10:18:40,357 - __main__ - INFO - Weather in Oxford: 8.63
2024-12-26 10:18:53,789 - __main__ - INFO - Endpoint not defined
2024-12-26 10:18:54,027 - __main__ - INFO - Weather in Oxford: 6.2
2024-12-27 10:18:43,803 - __main__ - INFO - Endpoint not defined
2024-12-27 10:18:44,146 - __main__ - INFO - Weather in Oxford: 4.74
2024-12-28 10:17:37,120 - __main__ - INFO - Endpoint not defined
2024-12-28 10:17:37,815 - __main__ - INFO - Weather in Oxford: 4.61
2024-12-29 10:17:35,326 - __main__ - INFO - Endpoint not defined
2024-12-29 10:17:35,515 - __main__ - INFO - Weather in Oxford: 4.72
2024-12-30 10:19:44,598 - __main__ - INFO - Endpoint not defined
2024-12-30 10:19:45,187 - __main__ - INFO - Weather in Oxford: 6.96
2024-12-31 10:19:14,782 - __main__ - INFO - Endpoint not defined
2024-12-31 10:19:14,996 - __main__ - INFO - Weather in Oxford: 8.96
2025-01-01 10:18:47,180 - __main__ - INFO - Endpoint not defined
2025-01-01 10:18:47,624 - __main__ - INFO - Weather in Oxford: 12.2
2025-01-02 10:18:50,623 - __main__ - INFO - Endpoint not defined
2025-01-02 10:18:50,956 - __main__ - INFO - Weather in Oxford: 0.9
2025-01-03 10:19:08,045 - __main__ - INFO - Endpoint not defined
2025-01-03 10:19:08,674 - __main__ - INFO - Weather in Oxford: -0.05
2025-01-04 10:17:55,170 - __main__ - INFO - Endpoint not defined
2025-01-04 10:17:55,633 - __main__ - INFO - Weather in Oxford: -1.09
2025-01-05 10:17:57,240 - __main__ - INFO - Endpoint not defined
2025-01-05 10:17:57,965 - __main__ - INFO - Weather in Oxford: 6.66
2025-01-06 10:20:40,309 - __main__ - INFO - Endpoint not defined
2025-01-06 10:20:40,721 - __main__ - INFO - Weather in Oxford: 2.53
2025-01-07 10:20:36,467 - __main__ - INFO - Endpoint not defined
2025-01-07 10:20:36,823 - __main__ - INFO - Weather in Oxford: 1.42
2025-01-08 10:20:01,056 - __main__ - INFO - Endpoint not defined
2025-01-08 10:20:01,362 - __main__ - INFO - Weather in Oxford: -0.51
2025-01-09 10:20:23,156 - __main__ - INFO - Endpoint not defined
2025-01-09 10:20:23,711 - __main__ - INFO - Weather in Oxford: -0.14
2025-01-10 10:20:03,772 - __main__ - INFO - Endpoint not defined
2025-01-10 10:20:04,163 - __main__ - INFO - Weather in Oxford: -2.17
2025-01-11 10:17:36,862 - __main__ - INFO - Endpoint not defined
2025-01-11 10:17:37,643 - __main__ - INFO - Weather in Oxford: -5.08
2025-01-12 10:17:36,884 - __main__ - INFO - Endpoint not defined
2025-01-12 10:17:37,703 - __main__ - INFO - Weather in Oxford: 0.94
2025-01-13 10:20:34,999 - __main__ - INFO - Endpoint not defined
2025-01-13 10:20:35,141 - __main__ - INFO - Weather in Oxford: 3.28
2025-01-14 10:18:40,181 - __main__ - INFO - Endpoint not defined
2025-01-14 10:18:40,482 - __main__ - INFO - Weather in Oxford: 6.16
2025-01-15 10:18:54,229 - __main__ - INFO - Endpoint not defined
2025-01-15 10:18:54,922 - __main__ - INFO - Weather in Oxford: 8.42
2025-01-16 10:18:55,976 - __main__ - INFO - Endpoint not defined
2025-01-16 10:18:56,121 - __main__ - INFO - Weather in Oxford: 4.72
2025-01-17 10:18:47,819 - __main__ - INFO - Endpoint not defined
2025-01-17 10:18:48,678 - __main__ - INFO - Weather in Oxford: 5.07
2025-01-18 10:17:10,825 - __main__ - INFO - Endpoint not defined
2025-01-18 10:17:11,004 - __main__ - INFO - Weather in Oxford: 2.5
2025-01-19 10:18:04,518 - __main__ - INFO - Endpoint not defined
2025-01-19 10:18:04,796 - __main__ - INFO - Weather in Oxford: 2.25
2025-01-20 10:19:48,592 - __main__ - INFO - Endpoint not defined
2025-01-20 10:19:49,116 - __main__ - INFO - Weather in Oxford: 3.28
2025-01-21 10:19:27,870 - __main__ - INFO - Endpoint not defined
2025-01-21 10:19:28,252 - __main__ - INFO - Weather in Oxford: 2.1
2025-01-22 10:17:26,309 - __main__ - INFO - Endpoint not defined
2025-01-22 10:17:27,214 - __main__ - INFO - Weather in Oxford: 2.91
2025-01-23 10:20:36,201 - __main__ - INFO - Endpoint not defined
2025-01-23 10:20:36,372 - __main__ - INFO - Weather in Oxford: 5.24
2025-01-24 10:19:32,425 - __main__ - INFO - Endpoint not defined
2025-01-24 10:19:33,148 - __main__ - INFO - Weather in Oxford: 9.15
2025-01-25 10:16:51,354 - __main__ - INFO - Endpoint not defined
2025-01-25 10:16:51,763 - __main__ - INFO - Weather in Oxford: 3.29
2025-01-26 10:17:40,876 - __main__ - INFO - Endpoint not defined
2025-01-26 10:17:41,061 - __main__ - INFO - Weather in Oxford: 5.7
2025-01-27 10:20:09,718 - __main__ - INFO - Endpoint not defined
2025-01-27 10:20:10,238 - __main__ - INFO - Weather in Oxford: 5.63
2025-01-28 10:18:56,491 - __main__ - INFO - Endpoint not defined
2025-01-28 10:18:56,690 - __main__ - INFO - Weather in Oxford: 8.72
2025-01-29 10:18:59,256 - __main__ - INFO - Endpoint not defined
2025-01-29 10:18:59,530 - __main__ - INFO - Weather in Oxford: 4.05
2025-01-30 10:18:48,128 - __main__ - INFO - Endpoint not defined
2025-01-30 10:18:48,511 - __main__ - INFO - Weather in Oxford: 5.05
2025-01-31 10:18:43,847 - __main__ - INFO - Endpoint not defined
2025-01-31 10:18:44,817 - __main__ - INFO - Weather in Oxford: 6.35
2025-02-01 10:17:41,802 - __main__ - INFO - Endpoint not defined
2025-02-01 10:17:42,510 - __main__ - INFO - Weather in Oxford: 4.8
2025-02-02 10:17:03,408 - __main__ - INFO - Endpoint not defined
2025-02-02 10:17:03,571 - __main__ - INFO - Weather in Oxford: 3.79
2025-02-03 10:19:26,749 - __main__ - INFO - Endpoint not defined
2025-02-03 10:19:27,234 - __main__ - INFO - Weather in Oxford: 6.33
2025-02-04 10:19:26,727 - __main__ - INFO - Endpoint not defined
2025-02-04 10:19:27,077 - __main__ - INFO - Weather in Oxford: 8.72
2025-02-05 10:19:21,024 - __main__ - INFO - Endpoint not defined
2025-02-05 10:19:21,639 - __main__ - INFO - Weather in Oxford: 4.75
2025-02-06 10:19:31,801 - __main__ - INFO - Endpoint not defined
2025-02-06 10:19:32,548 - __main__ - INFO - Weather in Oxford: 2.78
2025-02-07 10:19:33,171 - __main__ - INFO - Endpoint not defined
2025-02-07 10:19:33,740 - __main__ - INFO - Weather in Oxford: 3.72
2025-02-08 10:17:17,396 - __main__ - INFO - Endpoint not defined
2025-02-08 10:17:17,988 - __main__ - INFO - Weather in Oxford: 3.21
2025-02-09 10:18:23,299 - __main__ - INFO - Endpoint not defined
2025-02-09 10:18:23,989 - __main__ - INFO - Weather in Oxford: 2.63
2025-02-10 10:20:20,067 - __main__ - INFO - Endpoint not defined
2025-02-10 10:20:20,412 - __main__ - INFO - Weather in Oxford: 3.58
2025-02-11 10:20:33,426 - __main__ - INFO - Endpoint not defined
2025-02-11 10:20:33,927 - __main__ - INFO - Weather in Oxford: 3.52
2025-02-12 10:19:29,024 - __main__ - INFO - Endpoint not defined
2025-02-12 10:19:29,792 - __main__ - INFO - Weather in Oxford: 3.72
2025-02-13 10:19:44,014 - __main__ - INFO - Endpoint not defined
2025-02-13 10:19:44,801 - __main__ - INFO - Weather in Oxford: 3.07
2025-02-14 10:19:14,948 - __main__ - INFO - Endpoint not defined
2025-02-14 10:19:15,117 - __main__ - INFO - Weather in Oxford: 2.63
2025-02-15 10:17:21,956 - __main__ - INFO - Endpoint not defined
2025-02-15 10:17:22,277 - __main__ - INFO - Weather in Oxford: 3.72
2025-02-16 10:17:47,796 - __main__ - INFO - Endpoint not defined
2025-02-16 10:17:48,392 - __main__ - INFO - Weather in Oxford: 2.63
2025-02-17 10:21:09,867 - __main__ - INFO - Endpoint not defined
2025-02-17 10:21:10,298 - __main__ - INFO - Weather in Oxford: 2.51
2025-02-18 10:19:46,943 - __main__ - INFO - Endpoint not defined
2025-02-18 10:19:47,130 - __main__ - INFO - Weather in Oxford: 3.05
2025-02-19 10:19:54,548 - __main__ - INFO - Endpoint not defined
2025-02-19 10:19:54,719 - __main__ - INFO - Weather in Oxford: 3.98
2025-02-20 10:20:15,476 - __main__ - INFO - Endpoint not defined
2025-02-20 10:20:15,735 - __main__ - INFO - Weather in Oxford: 11.81
2025-02-21 10:19:37,885 - __main__ - INFO - Endpoint not defined
2025-02-21 10:19:38,277 - __main__ - INFO - Weather in Oxford: 13.98
2025-02-22 10:18:57,695 - __main__ - INFO - Endpoint not defined
2025-02-22 10:18:59,280 - __main__ - INFO - Weather in Oxford: 9.17
2025-02-23 10:18:42,957 - __main__ - INFO - Endpoint not defined
2025-02-23 10:18:43,866 - __main__ - INFO - Weather in Oxford: 9.44
2025-02-24 10:20:59,814 - __main__ - INFO - Endpoint not defined
2025-02-24 10:21:00,140 - __main__ - INFO - Weather in Oxford: 10.24
2025-02-25 10:20:28,890 - __main__ - INFO - Endpoint not defined
2025-02-25 10:20:29,438 - __main__ - INFO - Weather in Oxford: 8.33
2025-02-26 10:20:44,100 - __main__ - INFO - Endpoint not defined
2025-02-26 10:20:44,243 - __main__ - INFO - Weather in Oxford: 5.79
2025-02-27 10:20:26,737 - __main__ - INFO - Endpoint not defined
2025-02-27 10:20:27,399 - __main__ - INFO - Weather in Oxford: 6.6
2025-02-28 10:20:00,268 - __main__ - INFO - Endpoint not defined
2025-02-28 10:20:00,751 - __main__ - INFO - Weather in Oxford: 1.96
2025-03-01 10:18:13,741 - __main__ - INFO - Endpoint not defined
2025-03-01 10:18:14,127 - __main__ - INFO - Weather in Oxford: 6.26
2025-03-02 10:19:02,082 - __main__ - INFO - Endpoint not defined
2025-03-02 10:19:03,067 - __main__ - INFO - Weather in Oxford: 6.55
2025-03-03 10:21:29,616 - __main__ - INFO - Endpoint not defined
2025-03-03 10:21:29,789 - __main__ - INFO - Weather in Oxford: 5.97
2025-03-04 10:21:12,490 - __main__ - INFO - Endpoint not defined
2025-03-04 10:21:12,800 - __main__ - INFO - Weather in Oxford: 8.24
2025-03-05 10:20:59,591 - __main__ - INFO - Endpoint not defined
2025-03-05 10:20:59,751 - __main__ - INFO - Weather in Oxford: 6.46
2025-03-06 10:21:20,824 - __main__ - INFO - Endpoint not defined
2025-03-06 10:21:21,106 - __main__ - INFO - Weather in Oxford: 11.4
2025-03-07 10:20:31,681 - __main__ - INFO - Endpoint not defined
2025-03-07 10:20:32,295 - __main__ - INFO - Weather in Oxford: 12.53
